#
# A fatal error has been detected by the Java Runtime Environment:
#
#  SIGSEGV (0xb) at pc=0x0000000000013776, pid=277724, tid=277790
#
# JRE version: OpenJDK Runtime Environment (17.0.3+7) (build 17.0.3+7)
# Java VM: OpenJDK 64-Bit Server VM (17.0.3+7, mixed mode, tiered, compressed oops, compressed class ptrs, g1 gc, linux-amd64)
# Problematic frame:
# C  0x0000000000013776
#
# Core dump will be written. Default location: Core dumps may be processed with "/usr/lib/systemd/systemd-coredump %P %u %g %s %t %c %h" (or dumping to /home/jackm/Code/mp4j-test/core.277724)
#
# If you would like to submit a bug report, please visit:
#   https://bugreport.java.com/bugreport/crash.jsp
#

---------------  S U M M A R Y ------------

Command Line: -XX:+ShowCodeDetailsInExceptionMessages com.halcyoninae.halcyon.Halcyon

Host: AMD Ryzen 7 4700U with Radeon Graphics, 8 cores, 15G, Manjaro Linux
Time: Fri Jul 29 22:33:25 2022 EDT elapsed time: 23.305773 seconds (0d 0h 0m 23s)

---------------  T H R E A D  ---------------

Current thread is native thread

Stack: [0x00007f6023001000,0x00007f6023800000],  sp=0x00007f60237fec98,  free space=8183k
Native frames: (J=compiled Java code, j=interpreted, Vv=VM code, C=native code)
C  0x0000000000013776

[error occurred during error reporting (printing native stack), id 0xb, SIGSEGV (0xb) at pc=0x00007f60e9583026]


siginfo: si_signo: 11 (SIGSEGV), si_code: 1 (SEGV_MAPERR), si_addr: 0x0000000000013776

Registers:
RAX=0x000000000000006e, RBX=0x00007f60e09e1d20, RCX=0x0000000000000000, RDX=0x0000000000000000
RSP=0x00007f60237fec98, RBP=0x00007f60237fed00, RSI=0x0000000000000000, RDI=0x00007f60e09e1558
R8 =0x0000000000000005, R9 =0x000000000000002c, R10=0x00007f60237fecc0, R11=0x0000000000000246
R12=0x00007f60e7d6752e, R13=0x0000000000000000, R14=0x00007f60e7d6752f, R15=0x00007f6022fff000
RIP=0x0000000000013776, EFLAGS=0x0000000000010206, CSGSFS=0x002b000000000033, ERR=0x0000000000000014
  TRAPNO=0x000000000000000e

Top of Stack: (sp=0x00007f60237fec98)
0x00007f60237fec98:   00007f602381afda 0000006e237fecf0
0x00007f60237feca8:   00007f60e09e1580 17067aaf1cbe5348
0x00007f60237fecb8:   0000000062e49875 0000000062e49875
0x00007f60237fecc8:   000000002cdd8bef 000000002cdd8bef 

Instructions: (pc=0x0000000000013776)
0x0000000000013676:   ?? ?? ?? ?? ?? ?? ?? ?? ?? ?? ?? ?? ?? ?? ?? ??
0x0000000000013686:   ?? ?? ?? ?? ?? ?? ?? ?? ?? ?? ?? ?? ?? ?? ?? ??
0x0000000000013696:   ?? ?? ?? ?? ?? ?? ?? ?? ?? ?? ?? ?? ?? ?? ?? ??
0x00000000000136a6:   ?? ?? ?? ?? ?? ?? ?? ?? ?? ?? ?? ?? ?? ?? ?? ??
0x00000000000136b6:   ?? ?? ?? ?? ?? ?? ?? ?? ?? ?? ?? ?? ?? ?? ?? ??
0x00000000000136c6:   ?? ?? ?? ?? ?? ?? ?? ?? ?? ?? ?? ?? ?? ?? ?? ??
0x00000000000136d6:   ?? ?? ?? ?? ?? ?? ?? ?? ?? ?? ?? ?? ?? ?? ?? ??
0x00000000000136e6:   ?? ?? ?? ?? ?? ?? ?? ?? ?? ?? ?? ?? ?? ?? ?? ??
0x00000000000136f6:   ?? ?? ?? ?? ?? ?? ?? ?? ?? ?? ?? ?? ?? ?? ?? ??
0x0000000000013706:   ?? ?? ?? ?? ?? ?? ?? ?? ?? ?? ?? ?? ?? ?? ?? ??
0x0000000000013716:   ?? ?? ?? ?? ?? ?? ?? ?? ?? ?? ?? ?? ?? ?? ?? ??
0x0000000000013726:   ?? ?? ?? ?? ?? ?? ?? ?? ?? ?? ?? ?? ?? ?? ?? ??
0x0000000000013736:   ?? ?? ?? ?? ?? ?? ?? ?? ?? ?? ?? ?? ?? ?? ?? ??
0x0000000000013746:   ?? ?? ?? ?? ?? ?? ?? ?? ?? ?? ?? ?? ?? ?? ?? ??
0x0000000000013756:   ?? ?? ?? ?? ?? ?? ?? ?? ?? ?? ?? ?? ?? ?? ?? ??
0x0000000000013766:   ?? ?? ?? ?? ?? ?? ?? ?? ?? ?? ?? ?? ?? ?? ?? ??
0x0000000000013776:   ?? ?? ?? ?? ?? ?? ?? ?? ?? ?? ?? ?? ?? ?? ?? ??
0x0000000000013786:   ?? ?? ?? ?? ?? ?? ?? ?? ?? ?? ?? ?? ?? ?? ?? ??
0x0000000000013796:   ?? ?? ?? ?? ?? ?? ?? ?? ?? ?? ?? ?? ?? ?? ?? ??
0x00000000000137a6:   ?? ?? ?? ?? ?? ?? ?? ?? ?? ?? ?? ?? ?? ?? ?? ??
0x00000000000137b6:   ?? ?? ?? ?? ?? ?? ?? ?? ?? ?? ?? ?? ?? ?? ?? ??
0x00000000000137c6:   ?? ?? ?? ?? ?? ?? ?? ?? ?? ?? ?? ?? ?? ?? ?? ??
0x00000000000137d6:   ?? ?? ?? ?? ?? ?? ?? ?? ?? ?? ?? ?? ?? ?? ?? ??
0x00000000000137e6:   ?? ?? ?? ?? ?? ?? ?? ?? ?? ?? ?? ?? ?? ?? ?? ??
0x00000000000137f6:   ?? ?? ?? ?? ?? ?? ?? ?? ?? ?? ?? ?? ?? ?? ?? ??
0x0000000000013806:   ?? ?? ?? ?? ?? ?? ?? ?? ?? ?? ?? ?? ?? ?? ?? ??
0x0000000000013816:   ?? ?? ?? ?? ?? ?? ?? ?? ?? ?? ?? ?? ?? ?? ?? ??
0x0000000000013826:   ?? ?? ?? ?? ?? ?? ?? ?? ?? ?? ?? ?? ?? ?? ?? ??
0x0000000000013836:   ?? ?? ?? ?? ?? ?? ?? ?? ?? ?? ?? ?? ?? ?? ?? ??
0x0000000000013846:   ?? ?? ?? ?? ?? ?? ?? ?? ?? ?? ?? ?? ?? ?? ?? ??
0x0000000000013856:   ?? ?? ?? ?? ?? ?? ?? ?? ?? ?? ?? ?? ?? ?? ?? ??
0x0000000000013866:   ?? ?? ?? ?? ?? ?? ?? ?? ?? ?? ?? ?? ?? ?? ?? ?? 



---------------  P R O C E S S  ---------------

VM state: not at safepoint (normal execution)

VM Mutex/Monitor currently owned by a thread: None

Heap address: 0x000000070ec00000, size: 3860 MB, Compressed Oops mode: Zero based, Oop shift amount: 3

CDS archive(s) not mapped
Compressed class space mapped at: 0x0000000800000000-0x0000000840000000, reserved size: 1073741824
Narrow klass base: 0x0000000800000000, Narrow klass shift: 0, Narrow klass range: 0x40000000

GC Precious Log:
<Skipped>

Heap:
 garbage-first heap   total 90112K, used 24715K [0x000000070ec00000, 0x0000000800000000)
  region size 2048K, 1 young (2048K), 0 survivors (0K)
 Metaspace       used 28541K, committed 28736K, reserved 1081344K
  class space    used 2972K, committed 3072K, reserved 1048576K

Heap Regions: E=young(eden), S=young(survivor), O=old, HS=humongous(starts), HC=humongous(continues), CS=collection set, F=free, OA=open archive, CA=closed archive, TAMS=top-at-mark-start (previous, next)
|   0|0x000000070ec00000, 0x000000070ee00000, 0x000000070ee00000|100%|HS|  |TAMS 0x000000070ee00000, 0x000000070ec00000| Untracked 
|   1|0x000000070ee00000, 0x000000070f000000, 0x000000070f000000|100%|HC|  |TAMS 0x000000070f000000, 0x000000070ee00000| Untracked 
|   2|0x000000070f000000, 0x000000070f200000, 0x000000070f200000|100%|HC|  |TAMS 0x000000070f200000, 0x000000070f000000| Untracked 
|   3|0x000000070f200000, 0x000000070f400000, 0x000000070f400000|100%|HC|  |TAMS 0x000000070f400000, 0x000000070f200000| Untracked 
|   4|0x000000070f400000, 0x000000070f600000, 0x000000070f600000|100%|HC|  |TAMS 0x000000070f600000, 0x000000070f400000| Untracked 
|   5|0x000000070f600000, 0x000000070f800000, 0x000000070f800000|100%| O|  |TAMS 0x000000070f800000, 0x000000070f600000| Untracked 
|   6|0x000000070f800000, 0x000000070f9fe118, 0x000000070fa00000| 99%| O|  |TAMS 0x000000070f800000, 0x000000070f800000| Untracked 
|   7|0x000000070fa00000, 0x000000070fbffff8, 0x000000070fc00000| 99%| O|  |TAMS 0x000000070fbffff8, 0x000000070fa00000| Untracked 
|   8|0x000000070fc00000, 0x000000070fe00000, 0x000000070fe00000|100%| O|  |TAMS 0x000000070fe00000, 0x000000070fc00000| Untracked 
|   9|0x000000070fe00000, 0x0000000710000000, 0x0000000710000000|100%|HS|  |TAMS 0x0000000710000000, 0x000000070fe00000| Untracked 
|  10|0x0000000710000000, 0x0000000710006cb8, 0x0000000710200000|  1%| O|  |TAMS 0x0000000710000000, 0x0000000710000000| Untracked 
|  11|0x0000000710200000, 0x0000000710200000, 0x0000000710400000|  0%| F|  |TAMS 0x0000000710200000, 0x0000000710200000| Untracked 
|  12|0x0000000710400000, 0x0000000710600000, 0x0000000710600000|100%|HS|  |TAMS 0x0000000710600000, 0x0000000710400000| Untracked 
|  13|0x0000000710600000, 0x0000000710600000, 0x0000000710800000|  0%| F|  |TAMS 0x0000000710600000, 0x0000000710600000| Untracked 
|  14|0x0000000710800000, 0x0000000710800000, 0x0000000710a00000|  0%| F|  |TAMS 0x0000000710800000, 0x0000000710800000| Untracked 
|  15|0x0000000710a00000, 0x0000000710a00000, 0x0000000710c00000|  0%| F|  |TAMS 0x0000000710a00000, 0x0000000710a00000| Untracked 
|  16|0x0000000710c00000, 0x0000000710c00000, 0x0000000710e00000|  0%| F|  |TAMS 0x0000000710c00000, 0x0000000710c00000| Untracked 
|  17|0x0000000710e00000, 0x0000000710e00000, 0x0000000711000000|  0%| F|  |TAMS 0x0000000710e00000, 0x0000000710e00000| Untracked 
|  18|0x0000000711000000, 0x0000000711000000, 0x0000000711200000|  0%| F|  |TAMS 0x0000000711000000, 0x0000000711000000| Untracked 
|  19|0x0000000711200000, 0x0000000711200000, 0x0000000711400000|  0%| F|  |TAMS 0x0000000711200000, 0x0000000711200000| Untracked 
|  20|0x0000000711400000, 0x0000000711400000, 0x0000000711600000|  0%| F|  |TAMS 0x0000000711400000, 0x0000000711400000| Untracked 
|  21|0x0000000711600000, 0x0000000711600000, 0x0000000711800000|  0%| F|  |TAMS 0x0000000711600000, 0x0000000711600000| Untracked 
|  22|0x0000000711800000, 0x0000000711800000, 0x0000000711a00000|  0%| F|  |TAMS 0x0000000711800000, 0x0000000711800000| Untracked 
|  23|0x0000000711a00000, 0x0000000711a00000, 0x0000000711c00000|  0%| F|  |TAMS 0x0000000711a00000, 0x0000000711a00000| Untracked 
|  24|0x0000000711c00000, 0x0000000711c00000, 0x0000000711e00000|  0%| F|  |TAMS 0x0000000711c00000, 0x0000000711c00000| Untracked 
|  25|0x0000000711e00000, 0x0000000711e00000, 0x0000000712000000|  0%| F|  |TAMS 0x0000000711e00000, 0x0000000711e00000| Untracked 
|  26|0x0000000712000000, 0x0000000712000000, 0x0000000712200000|  0%| F|  |TAMS 0x0000000712000000, 0x0000000712000000| Untracked 
|  27|0x0000000712200000, 0x0000000712200000, 0x0000000712400000|  0%| F|  |TAMS 0x0000000712200000, 0x0000000712200000| Untracked 
|  28|0x0000000712400000, 0x0000000712400000, 0x0000000712600000|  0%| F|  |TAMS 0x0000000712400000, 0x0000000712400000| Untracked 
|  29|0x0000000712600000, 0x0000000712600000, 0x0000000712800000|  0%| F|  |TAMS 0x0000000712600000, 0x0000000712600000| Untracked 
|  30|0x0000000712800000, 0x0000000712800000, 0x0000000712a00000|  0%| F|  |TAMS 0x0000000712800000, 0x0000000712800000| Untracked 
|  31|0x0000000712a00000, 0x0000000712a00000, 0x0000000712c00000|  0%| F|  |TAMS 0x0000000712a00000, 0x0000000712a00000| Untracked 
|  32|0x0000000712c00000, 0x0000000712c00000, 0x0000000712e00000|  0%| F|  |TAMS 0x0000000712c00000, 0x0000000712c00000| Untracked 
|  33|0x0000000712e00000, 0x0000000712e00000, 0x0000000713000000|  0%| F|  |TAMS 0x0000000712e00000, 0x0000000712e00000| Untracked 
|  34|0x0000000713000000, 0x0000000713000000, 0x0000000713200000|  0%| F|  |TAMS 0x0000000713000000, 0x0000000713000000| Untracked 
|  35|0x0000000713200000, 0x0000000713200000, 0x0000000713400000|  0%| F|  |TAMS 0x0000000713200000, 0x0000000713200000| Untracked 
|  36|0x0000000713400000, 0x0000000713400000, 0x0000000713600000|  0%| F|  |TAMS 0x0000000713400000, 0x0000000713400000| Untracked 
|  37|0x0000000713600000, 0x0000000713600000, 0x0000000713800000|  0%| F|  |TAMS 0x0000000713600000, 0x0000000713600000| Untracked 
|  38|0x0000000713800000, 0x0000000713800000, 0x0000000713a00000|  0%| F|  |TAMS 0x0000000713800000, 0x0000000713800000| Untracked 
|  39|0x0000000713a00000, 0x0000000713a00000, 0x0000000713c00000|  0%| F|  |TAMS 0x0000000713a00000, 0x0000000713a00000| Untracked 
|  40|0x0000000713c00000, 0x0000000713c00000, 0x0000000713e00000|  0%| F|  |TAMS 0x0000000713c00000, 0x0000000713c00000| Untracked 
|  41|0x0000000713e00000, 0x0000000713e00000, 0x0000000714000000|  0%| F|  |TAMS 0x0000000713e00000, 0x0000000713e00000| Untracked 
|  42|0x0000000714000000, 0x000000071401df50, 0x0000000714200000|  5%| E|  |TAMS 0x0000000714000000, 0x0000000714000000| Complete 
| 109|0x000000071c600000, 0x000000071c800000, 0x000000071c800000|100%| O|  |TAMS 0x000000071c800000, 0x000000071c600000| Untracked 

Card table byte_map: [0x00007f60e6351000,0x00007f60e6adb000] _byte_map_base: 0x00007f60e2adb000

Marking Bits (Prev, Next): (CMBitMap*) 0x00007f60e007c3f0, (CMBitMap*) 0x00007f60e007c3b0
 Prev Bits: [0x00007f60c1d29000, 0x00007f60c5979000)
 Next Bits: [0x00007f60c5979000, 0x00007f60c95c9000)

Polling page: 0x00007f60e9652000

Metaspace:

Usage:
  Non-class:     24.97 MB used.
      Class:      2.90 MB used.
       Both:     27.87 MB used.

Virtual space:
  Non-class space:       32.00 MB reserved,      25.06 MB ( 78%) committed,  4 nodes.
      Class space:        1.00 GB reserved,       3.00 MB ( <1%) committed,  1 nodes.
             Both:        1.03 GB reserved,      28.06 MB (  3%) committed. 

Chunk freelists:
   Non-Class:  2.45 MB
       Class:  972.00 KB
        Both:  3.40 MB

MaxMetaspaceSize: unlimited
CompressedClassSpaceSize: 1.00 GB
Initial GC threshold: 21.00 MB
Current GC threshold: 46.81 MB
CDS: off
MetaspaceReclaimPolicy: balanced
 - commit_granule_bytes: 65536.
 - commit_granule_words: 8192.
 - virtual_space_node_default_size: 1048576.
 - enlarge_chunks_in_place: 1.
 - new_chunks_are_fully_committed: 0.
 - uncommit_free_chunks: 1.
 - use_allocation_guard: 0.
 - handle_deallocations: 1.


Internal statistics:

num_allocs_failed_limit: 0.
num_arena_births: 244.
num_arena_deaths: 0.
num_vsnodes_births: 5.
num_vsnodes_deaths: 0.
num_space_committed: 449.
num_space_uncommitted: 0.
num_chunks_returned_to_freelist: 0.
num_chunks_taken_from_freelist: 500.
num_chunk_merges: 0.
num_chunk_splits: 308.
num_chunks_enlarged: 202.
num_purges: 0.
num_inconsistent_stats: 0.

CodeHeap 'non-profiled nmethods': size=120028Kb used=1328Kb max_used=1328Kb free=118699Kb
 bounds [0x00007f60d1092000, 0x00007f60d1302000, 0x00007f60d85c9000]
CodeHeap 'profiled nmethods': size=120028Kb used=6215Kb max_used=6215Kb free=113812Kb
 bounds [0x00007f60c9b5b000, 0x00007f60ca17b000, 0x00007f60d1092000]
CodeHeap 'non-nmethods': size=5704Kb used=1408Kb max_used=1452Kb free=4295Kb
 bounds [0x00007f60c95c9000, 0x00007f60c9839000, 0x00007f60c9b5b000]
 total_blobs=3890 nmethods=3112 adapters=690
 compilation: enabled
              stopped_count=0, restarted_count=0
 full_count=0

Compilation events (20 events):
Event: 11.313 Thread 0x00007f60e01fb610 3102       3       java.lang.String::encodeUTF8_UTF16 (372 bytes)
Event: 11.315 Thread 0x00007f60e01fb610 nmethod 3102 0x00007f60ca169010 code [0x00007f60ca169260, 0x00007f60ca169e90]
Event: 11.315 Thread 0x00007f60e01fb610 3103       3       java.nio.charset.Charset::lookup (44 bytes)
Event: 11.315 Thread 0x00007f60e01fb610 nmethod 3103 0x00007f60ca16a290 code [0x00007f60ca16a480, 0x00007f60ca16a8e0]
Event: 11.656 Thread 0x00007f60e01fb610 3104       3       java.awt.LightweightDispatcher::isMouseGrab (49 bytes)
Event: 11.657 Thread 0x00007f60e01fb610 nmethod 3104 0x00007f60ca16aa90 code [0x00007f60ca16ac80, 0x00007f60ca16b460]
Event: 11.688 Thread 0x00007f60e01fb610 3105       3       javax.swing.plaf.basic.BasicTreeUI::getHandler (24 bytes)
Event: 11.689 Thread 0x00007f60e01fb610 nmethod 3105 0x00007f60ca16b690 code [0x00007f60ca16b860, 0x00007f60ca16bc90]
Event: 11.856 Thread 0x00007f60e01fa130 3106       4       java.security.AccessController::checkContext (49 bytes)
Event: 11.857 Thread 0x00007f60e01fa130 nmethod 3106 0x00007f60d11dd390 code [0x00007f60d11dd520, 0x00007f60d11dd5b8]
Event: 12.844 Thread 0x00007f60e01fb610 3107       3       java.util.LinkedList$ListItr::hasNext (20 bytes)
Event: 12.844 Thread 0x00007f60e01fb610 nmethod 3107 0x00007f60ca16bd90 code [0x00007f60ca16bf20, 0x00007f60ca16c090]
Event: 15.816 Thread 0x00007f60e01fb610 3108       3       java.lang.StringUTF16::inflate (42 bytes)
Event: 15.816 Thread 0x00007f60e01fb610 nmethod 3108 0x00007f60ca16c190 code [0x00007f60ca16c360, 0x00007f60ca16c660]
Event: 20.320 Thread 0x00007f60e01fa130 3109       4       java.util.ArrayList::indexOfRange (71 bytes)
Event: 20.321 Thread 0x00007f60e01fa130 nmethod 3109 0x00007f60d11dd690 code [0x00007f60d11dd820, 0x00007f60d11dd958]
Event: 21.820 Thread 0x00007f60e01fa130 3110       4       java.lang.String::indexOf (29 bytes)
Event: 21.822 Thread 0x00007f60e01fa130 nmethod 3110 0x00007f60d11dda90 code [0x00007f60d11ddc20, 0x00007f60d11dde48]
Event: 23.077 Thread 0x00007f60e01fb610 3111       3       java.util.Vector$Itr::hasNext (20 bytes)
Event: 23.077 Thread 0x00007f60e01fb610 nmethod 3111 0x00007f60ca16c890 code [0x00007f60ca16ca20, 0x00007f60ca16cb90]

GC Heap History (20 events):
Event: 13.948 GC heap before
{Heap before GC invocations=23 (full 14):
 garbage-first heap   total 90112K, used 24595K [0x000000070ec00000, 0x0000000800000000)
  region size 2048K, 0 young (0K), 0 survivors (0K)
 Metaspace       used 28541K, committed 28736K, reserved 1081344K
  class space    used 2972K, committed 3072K, reserved 1048576K
}
Event: 13.960 GC heap after
{Heap after GC invocations=24 (full 15):
 garbage-first heap   total 90112K, used 24595K [0x000000070ec00000, 0x0000000800000000)
  region size 2048K, 0 young (0K), 0 survivors (0K)
 Metaspace       used 28541K, committed 28736K, reserved 1081344K
  class space    used 2972K, committed 3072K, reserved 1048576K
}
Event: 14.960 GC heap before
{Heap before GC invocations=24 (full 15):
 garbage-first heap   total 90112K, used 24595K [0x000000070ec00000, 0x0000000800000000)
  region size 2048K, 1 young (2048K), 0 survivors (0K)
 Metaspace       used 28541K, committed 28736K, reserved 1081344K
  class space    used 2972K, committed 3072K, reserved 1048576K
}
Event: 14.972 GC heap after
{Heap after GC invocations=25 (full 16):
 garbage-first heap   total 90112K, used 24595K [0x000000070ec00000, 0x0000000800000000)
  region size 2048K, 0 young (0K), 0 survivors (0K)
 Metaspace       used 28541K, committed 28736K, reserved 1081344K
  class space    used 2972K, committed 3072K, reserved 1048576K
}
Event: 15.973 GC heap before
{Heap before GC invocations=25 (full 16):
 garbage-first heap   total 90112K, used 24595K [0x000000070ec00000, 0x0000000800000000)
  region size 2048K, 1 young (2048K), 0 survivors (0K)
 Metaspace       used 28541K, committed 28736K, reserved 1081344K
  class space    used 2972K, committed 3072K, reserved 1048576K
}
Event: 15.985 GC heap after
{Heap after GC invocations=26 (full 17):
 garbage-first heap   total 90112K, used 24595K [0x000000070ec00000, 0x0000000800000000)
  region size 2048K, 0 young (0K), 0 survivors (0K)
 Metaspace       used 28541K, committed 28736K, reserved 1081344K
  class space    used 2972K, committed 3072K, reserved 1048576K
}
Event: 16.986 GC heap before
{Heap before GC invocations=26 (full 17):
 garbage-first heap   total 90112K, used 24595K [0x000000070ec00000, 0x0000000800000000)
  region size 2048K, 0 young (0K), 0 survivors (0K)
 Metaspace       used 28541K, committed 28736K, reserved 1081344K
  class space    used 2972K, committed 3072K, reserved 1048576K
}
Event: 16.998 GC heap after
{Heap after GC invocations=27 (full 18):
 garbage-first heap   total 90112K, used 24595K [0x000000070ec00000, 0x0000000800000000)
  region size 2048K, 0 young (0K), 0 survivors (0K)
 Metaspace       used 28541K, committed 28736K, reserved 1081344K
  class space    used 2972K, committed 3072K, reserved 1048576K
}
Event: 17.998 GC heap before
{Heap before GC invocations=27 (full 18):
 garbage-first heap   total 90112K, used 24595K [0x000000070ec00000, 0x0000000800000000)
  region size 2048K, 1 young (2048K), 0 survivors (0K)
 Metaspace       used 28541K, committed 28736K, reserved 1081344K
  class space    used 2972K, committed 3072K, reserved 1048576K
}
Event: 18.009 GC heap after
{Heap after GC invocations=28 (full 19):
 garbage-first heap   total 90112K, used 24595K [0x000000070ec00000, 0x0000000800000000)
  region size 2048K, 0 young (0K), 0 survivors (0K)
 Metaspace       used 28541K, committed 28736K, reserved 1081344K
  class space    used 2972K, committed 3072K, reserved 1048576K
}
Event: 19.010 GC heap before
{Heap before GC invocations=28 (full 19):
 garbage-first heap   total 90112K, used 24595K [0x000000070ec00000, 0x0000000800000000)
  region size 2048K, 1 young (2048K), 0 survivors (0K)
 Metaspace       used 28541K, committed 28736K, reserved 1081344K
  class space    used 2972K, committed 3072K, reserved 1048576K
}
Event: 19.021 GC heap after
{Heap after GC invocations=29 (full 20):
 garbage-first heap   total 90112K, used 24595K [0x000000070ec00000, 0x0000000800000000)
  region size 2048K, 0 young (0K), 0 survivors (0K)
 Metaspace       used 28541K, committed 28736K, reserved 1081344K
  class space    used 2972K, committed 3072K, reserved 1048576K
}
Event: 20.021 GC heap before
{Heap before GC invocations=29 (full 20):
 garbage-first heap   total 90112K, used 24595K [0x000000070ec00000, 0x0000000800000000)
  region size 2048K, 1 young (2048K), 0 survivors (0K)
 Metaspace       used 28541K, committed 28736K, reserved 1081344K
  class space    used 2972K, committed 3072K, reserved 1048576K
}
Event: 20.033 GC heap after
{Heap after GC invocations=30 (full 21):
 garbage-first heap   total 90112K, used 24595K [0x000000070ec00000, 0x0000000800000000)
  region size 2048K, 0 young (0K), 0 survivors (0K)
 Metaspace       used 28541K, committed 28736K, reserved 1081344K
  class space    used 2972K, committed 3072K, reserved 1048576K
}
Event: 21.033 GC heap before
{Heap before GC invocations=30 (full 21):
 garbage-first heap   total 90112K, used 24595K [0x000000070ec00000, 0x0000000800000000)
  region size 2048K, 1 young (2048K), 0 survivors (0K)
 Metaspace       used 28541K, committed 28736K, reserved 1081344K
  class space    used 2972K, committed 3072K, reserved 1048576K
}
Event: 21.045 GC heap after
{Heap after GC invocations=31 (full 22):
 garbage-first heap   total 90112K, used 24595K [0x000000070ec00000, 0x0000000800000000)
  region size 2048K, 0 young (0K), 0 survivors (0K)
 Metaspace       used 28541K, committed 28736K, reserved 1081344K
  class space    used 2972K, committed 3072K, reserved 1048576K
}
Event: 22.045 GC heap before
{Heap before GC invocations=31 (full 22):
 garbage-first heap   total 90112K, used 24595K [0x000000070ec00000, 0x0000000800000000)
  region size 2048K, 1 young (2048K), 0 survivors (0K)
 Metaspace       used 28541K, committed 28736K, reserved 1081344K
  class space    used 2972K, committed 3072K, reserved 1048576K
}
Event: 22.058 GC heap after
{Heap after GC invocations=32 (full 23):
 garbage-first heap   total 90112K, used 24595K [0x000000070ec00000, 0x0000000800000000)
  region size 2048K, 0 young (0K), 0 survivors (0K)
 Metaspace       used 28541K, committed 28736K, reserved 1081344K
  class space    used 2972K, committed 3072K, reserved 1048576K
}
Event: 23.058 GC heap before
{Heap before GC invocations=32 (full 23):
 garbage-first heap   total 90112K, used 24595K [0x000000070ec00000, 0x0000000800000000)
  region size 2048K, 1 young (2048K), 0 survivors (0K)
 Metaspace       used 28541K, committed 28736K, reserved 1081344K
  class space    used 2972K, committed 3072K, reserved 1048576K
}
Event: 23.075 GC heap after
{Heap after GC invocations=33 (full 24):
 garbage-first heap   total 90112K, used 24595K [0x000000070ec00000, 0x0000000800000000)
  region size 2048K, 0 young (0K), 0 survivors (0K)
 Metaspace       used 28541K, committed 28736K, reserved 1081344K
  class space    used 2972K, committed 3072K, reserved 1048576K
}

Deoptimization events (20 events):
Event: 3.238 Thread 0x00007f60e085e1f0 DEOPT PACKING pc=0x00007f60ca022070 sp=0x00007f60b1180b50
Event: 3.238 Thread 0x00007f60e085e1f0 DEOPT UNPACKING pc=0x00007f60c961b82f sp=0x00007f60b1180048 mode 0
Event: 3.239 Thread 0x00007f60e085e1f0 DEOPT PACKING pc=0x00007f60ca022070 sp=0x00007f60b1180b50
Event: 3.239 Thread 0x00007f60e085e1f0 DEOPT UNPACKING pc=0x00007f60c961b82f sp=0x00007f60b1180048 mode 0
Event: 3.239 Thread 0x00007f60e085e1f0 DEOPT PACKING pc=0x00007f60ca022070 sp=0x00007f60b1180b50
Event: 3.239 Thread 0x00007f60e085e1f0 DEOPT UNPACKING pc=0x00007f60c961b82f sp=0x00007f60b1180048 mode 0
Event: 3.239 Thread 0x00007f60e085e1f0 DEOPT PACKING pc=0x00007f60ca022070 sp=0x00007f60b1180b50
Event: 3.239 Thread 0x00007f60e085e1f0 DEOPT UNPACKING pc=0x00007f60c961b82f sp=0x00007f60b1180048 mode 0
Event: 3.239 Thread 0x00007f60e085e1f0 DEOPT PACKING pc=0x00007f60ca022070 sp=0x00007f60b1180b50
Event: 3.239 Thread 0x00007f60e085e1f0 DEOPT UNPACKING pc=0x00007f60c961b82f sp=0x00007f60b1180048 mode 0
Event: 3.240 Thread 0x00007f60e085e1f0 DEOPT PACKING pc=0x00007f60ca022070 sp=0x00007f60b1180b50
Event: 3.240 Thread 0x00007f60e085e1f0 DEOPT UNPACKING pc=0x00007f60c961b82f sp=0x00007f60b1180048 mode 0
Event: 3.293 Thread 0x00007f60e085e1f0 DEOPT PACKING pc=0x00007f60ca041113 sp=0x00007f60b1180c80
Event: 3.293 Thread 0x00007f60e085e1f0 DEOPT UNPACKING pc=0x00007f60c961b82f sp=0x00007f60b11801d8 mode 0
Event: 3.295 Thread 0x00007f60e085e1f0 Uncommon trap: trap_request=0xffffff45 fr.pc=0x00007f60d11b18c4 relative=0x0000000000000944
Event: 3.295 Thread 0x00007f60e085e1f0 Uncommon trap: reason=unstable_if action=reinterpret pc=0x00007f60d11b18c4 method=sun.awt.image.OffScreenImageSource.sendPixels()V @ 663 c2
Event: 3.295 Thread 0x00007f60e085e1f0 DEOPT PACKING pc=0x00007f60d11b18c4 sp=0x00007f60b1180d10
Event: 3.295 Thread 0x00007f60e085e1f0 DEOPT UNPACKING pc=0x00007f60c961b099 sp=0x00007f60b1180cd8 mode 2
Event: 3.387 Thread 0x00007f60e085e1f0 DEOPT PACKING pc=0x00007f60ca0446dd sp=0x00007f60b1180c30
Event: 3.387 Thread 0x00007f60e085e1f0 DEOPT UNPACKING pc=0x00007f60c961b82f sp=0x00007f60b1180148 mode 0

Classes unloaded (0 events):
No events

Classes redefined (0 events):
No events

Internal exceptions (20 events):
Event: 0.323 Thread 0x00007f60e0012720 Exception <a 'java/lang/ClassNotFoundException'{0x000000071d74bbf8}: com/sun/swing/internal/plaf/basic/resources/spi/basicProvider> (0x000000071d74bbf8) 
thrown [src/hotspot/share/classfile/systemDictionary.cpp, line 256]
Event: 0.396 Thread 0x00007f60e0012720 Exception <a 'java/lang/NoSuchMethodError'{0x000000071d58ca88}: 'int java.lang.invoke.DirectMethodHandle$Holder.invokeStatic(java.lang.Object)'> (0x000000071d58ca88) 
thrown [src/hotspot/share/interpreter/linkResolver.cpp, line 765]
Event: 0.414 Thread 0x00007f60e0012720 Exception <a 'java/lang/NoSuchMethodError'{0x000000071d244db8}: 'java.lang.Object java.lang.invoke.DirectMethodHandle$Holder.invokeSpecial(java.lang.Object, java.lang.Object, java.lang.Object, java.lang.Object, float)'> (0x000000071d244db8) 
thrown [src/hotspot/share/interpreter/linkResolver.cpp, line 765]
Event: 0.483 Thread 0x00007f60e0012720 Implicit null exception at 0x00007f60d10dea8f to 0x00007f60d10dec9c
Event: 0.531 Thread 0x00007f60e06e4080 Exception <a 'java/lang/NoSuchMethodError'{0x000000071d170ef0}: 'java.lang.Object java.lang.invoke.DirectMethodHandle$Holder.newInvokeSpecial(java.lang.Object, java.lang.Object, java.lang.Object, int, int, int, int, int)'> (0x000000071d170ef0) 
thrown [src/hotspot/share/interpreter/linkResolver.cpp, line 765]
Event: 0.798 Thread 0x00007f60e0012720 Exception <a 'java/lang/NoSuchMethodError'{0x000000071d7c40b0}: 'void java.lang.invoke.DirectMethodHandle$Holder.invokeStaticInit(java.lang.Object)'> (0x000000071d7c40b0) 
thrown [src/hotspot/share/interpreter/linkResolver.cpp, line 765]
Event: 0.823 Thread 0x00007f60e0012720 Exception <a 'java/lang/NoSuchMethodError'{0x000000071309e8b0}: 'void java.lang.invoke.DirectMethodHandle$Holder.invokeVirtual(java.lang.Object, java.lang.Object)'> (0x000000071309e8b0) 
thrown [src/hotspot/share/interpreter/linkResolver.cpp, line 765]
Event: 0.846 Thread 0x00007f60e086d9f0 Exception <a 'java/lang/NoSuchMethodError'{0x00000007131ef8a0}: 'void java.lang.invoke.DirectMethodHandle$Holder.invokeInterface(java.lang.Object, java.lang.Object)'> (0x00000007131ef8a0) 
thrown [src/hotspot/share/interpreter/linkResolver.cpp, line 765]
Event: 0.923 Thread 0x00007f60e0012720 Exception <a 'java/lang/NullPointerException'{0x0000000712c835c0}> (0x0000000712c835c0) 
thrown [src/hotspot/share/interpreter/linkResolver.cpp, line 1357]
Event: 1.131 Thread 0x00007f60e085e1f0 Exception <a 'java/lang/NullPointerException'{0x00000007126e80b8}> (0x00000007126e80b8) 
thrown [src/hotspot/share/interpreter/linkResolver.cpp, line 1357]
Event: 1.189 Thread 0x00007f60e085e1f0 Exception <a 'java/lang/NullPointerException'{0x0000000713a06690}> (0x0000000713a06690) 
thrown [src/hotspot/share/interpreter/linkResolver.cpp, line 1357]
Event: 1.252 Thread 0x00007f60e0012720 Exception <a 'java/lang/NoSuchMethodError'{0x0000000713928f78}: 'java.lang.Object java.lang.invoke.DirectMethodHandle$Holder.invokeStaticInit(java.lang.Object, java.lang.Object, long, java.lang.Object)'> (0x0000000713928f78) 
thrown [src/hotspot/share/interpreter/linkResolver.cpp, line 765]
Event: 1.252 Thread 0x00007f60e0012720 Exception <a 'java/lang/NoSuchMethodError'{0x000000071392f268}: 'java.lang.Object java.lang.invoke.DirectMethodHandle$Holder.newInvokeSpecial(java.lang.Object, java.lang.Object, long)'> (0x000000071392f268) 
thrown [src/hotspot/share/interpreter/linkResolver.cpp, line 765]
Event: 1.252 Thread 0x00007f60e0012720 Exception <a 'java/lang/NoSuchMethodError'{0x0000000713932dd8}: 'java.lang.Object java.lang.invoke.Invokers$Holder.linkToTargetMethod(java.lang.Object, long, java.lang.Object)'> (0x0000000713932dd8) 
thrown [src/hotspot/share/interpreter/linkResolver.cpp, line 765]
Event: 1.253 Thread 0x00007f60e0012720 Exception <a 'java/lang/NoSuchMethodError'{0x00000007139399e8}: 'java.lang.Object java.lang.invoke.DirectMethodHandle$Holder.newInvokeSpecial(java.lang.Object, java.lang.Object, java.lang.Object, int)'> (0x00000007139399e8) 
thrown [src/hotspot/share/interpreter/linkResolver.cpp, line 765]
Event: 1.253 Thread 0x00007f60e0012720 Exception <a 'java/lang/NoSuchMethodError'{0x000000071393ddc8}: 'java.lang.Object java.lang.invoke.DirectMethodHandle$Holder.invokeSpecial(java.lang.Object, java.lang.Object, java.lang.Object, java.lang.Object, int)'> (0x000000071393ddc8) 
thrown [src/hotspot/share/interpreter/linkResolver.cpp, line 765]
Event: 1.253 Thread 0x00007f60e0012720 Exception <a 'java/lang/NoSuchMethodError'{0x0000000713941990}: 'java.lang.Object java.lang.invoke.Invokers$Holder.linkToTargetMethod(java.lang.Object, java.lang.Object, int, java.lang.Object)'> (0x0000000713941990) 
thrown [src/hotspot/share/interpreter/linkResolver.cpp, line 765]
Event: 3.090 Thread 0x00007f60340fb260 Exception <a 'java/lang/NoSuchMethodError'{0x0000000713863810}: 'void java.lang.invoke.DirectMethodHandle$Holder.invokeStatic(java.lang.Object, java.lang.Object, java.lang.Object)'> (0x0000000713863810) 
thrown [src/hotspot/share/interpreter/linkResolver.cpp, line 765]
Event: 3.177 Thread 0x00007f60e085e1f0 Implicit null exception at 0x00007f60d1195df4 to 0x00007f60d1196504
Event: 3.193 Thread 0x00007f60e085e1f0 Implicit null exception at 0x00007f60d1190374 to 0x00007f60d1190a70

VM Operations (20 events):
Event: 13.948 Executing VM operation: G1CollectFull
Event: 13.960 Executing VM operation: G1CollectFull done
Event: 14.960 Executing VM operation: G1CollectFull
Event: 14.972 Executing VM operation: G1CollectFull done
Event: 15.973 Executing VM operation: G1CollectFull
Event: 15.986 Executing VM operation: G1CollectFull done
Event: 16.986 Executing VM operation: G1CollectFull
Event: 16.998 Executing VM operation: G1CollectFull done
Event: 17.998 Executing VM operation: G1CollectFull
Event: 18.009 Executing VM operation: G1CollectFull done
Event: 19.009 Executing VM operation: G1CollectFull
Event: 19.021 Executing VM operation: G1CollectFull done
Event: 20.021 Executing VM operation: G1CollectFull
Event: 20.033 Executing VM operation: G1CollectFull done
Event: 21.033 Executing VM operation: G1CollectFull
Event: 21.045 Executing VM operation: G1CollectFull done
Event: 22.045 Executing VM operation: G1CollectFull
Event: 22.058 Executing VM operation: G1CollectFull done
Event: 23.058 Executing VM operation: G1CollectFull
Event: 23.076 Executing VM operation: G1CollectFull done

Events (20 events):
Event: 3.208 loading class java/awt/image/ComponentColorModel done
Event: 3.208 loading class java/awt/image/PixelInterleavedSampleModel
Event: 3.208 loading class java/awt/image/ComponentSampleModel
Event: 3.208 loading class java/awt/image/ComponentSampleModel done
Event: 3.208 loading class java/awt/image/PixelInterleavedSampleModel done
Event: 3.208 loading class javax/imageio/ImageTypeSpecifier$Packed
Event: 3.208 loading class javax/imageio/ImageTypeSpecifier$Packed done
Event: 3.209 loading class java/awt/image/DataBufferByte
Event: 3.209 loading class java/awt/image/DataBufferByte done
Event: 3.212 loading class sun/awt/image/ByteInterleavedRaster
Event: 3.213 loading class sun/awt/image/ByteComponentRaster
Event: 3.213 loading class sun/awt/image/ByteComponentRaster done
Event: 3.213 loading class sun/awt/image/ByteInterleavedRaster done
Event: 3.213 loading class sun/awt/image/ShortComponentRaster
Event: 3.214 loading class sun/awt/image/ShortComponentRaster done
Event: 3.214 loading class com/sun/imageio/plugins/common/ReaderUtil
Event: 3.214 loading class com/sun/imageio/plugins/common/ReaderUtil done
Event: 3.639 Thread 0x00007f608448d280 Thread exited: 0x00007f608448d280
Event: 6.017 Thread 0x00007f60e06e4080 Thread exited: 0x00007f60e06e4080
Event: 6.128 Thread 0x00007f60e09976b0 Thread exited: 0x00007f60e09976b0


Dynamic libraries:
70ec00000-714200000 rw-p 00000000 00:00 0 
714200000-71c600000 ---p 00000000 00:00 0 
71c600000-71c800000 rw-p 00000000 00:00 0 
71c800000-800000000 ---p 00000000 00:00 0 
800000000-800020000 rw-p 00000000 00:00 0 
800020000-800040000 rw-p 00000000 00:00 0 
800040000-8000c0000 rw-p 00000000 00:00 0 
8000c0000-8000e0000 rw-p 00000000 00:00 0 
8000e0000-800140000 rw-p 00000000 00:00 0 
800140000-8001a0000 rw-p 00000000 00:00 0 
8001a0000-8001c0000 rw-p 00000000 00:00 0 
8001c0000-800240000 rw-p 00000000 00:00 0 
800240000-800260000 rw-p 00000000 00:00 0 
800260000-8002c0000 rw-p 00000000 00:00 0 
8002c0000-8002f0000 rw-p 00000000 00:00 0 
8002f0000-800300000 ---p 00000000 00:00 0 
800300000-800310000 rw-p 00000000 00:00 0 
800310000-840000000 ---p 00000000 00:00 0 
5610c9286000-5610c9287000 r--p 00000000 103:02 30280666                  /usr/lib/jvm/java-17-openjdk/bin/java
5610c9287000-5610c9288000 r-xp 00001000 103:02 30280666                  /usr/lib/jvm/java-17-openjdk/bin/java
5610c9288000-5610c9289000 r--p 00002000 103:02 30280666                  /usr/lib/jvm/java-17-openjdk/bin/java
5610c9289000-5610c928a000 r--p 00002000 103:02 30280666                  /usr/lib/jvm/java-17-openjdk/bin/java
5610c928a000-5610c928b000 rw-p 00003000 103:02 30280666                  /usr/lib/jvm/java-17-openjdk/bin/java
5610c9d7f000-5610c9da0000 rw-p 00000000 00:00 0                          [heap]
7f6010000000-7f601051c000 rw-p 00000000 00:00 0 
7f601051c000-7f6014000000 ---p 00000000 00:00 0 
7f6014000000-7f6014021000 rw-p 00000000 00:00 0 
7f6014021000-7f6018000000 ---p 00000000 00:00 0 
7f6018000000-7f6018021000 rw-p 00000000 00:00 0 
7f6018021000-7f601c000000 ---p 00000000 00:00 0 
7f601c000000-7f601c021000 rw-p 00000000 00:00 0 
7f601c021000-7f6020000000 ---p 00000000 00:00 0 
7f6022400000-7f6022490000 rw-p 00000000 00:00 0 
7f6022490000-7f6022500000 ---p 00000000 00:00 0 
7f6022500000-7f6022580000 rw-p 00000000 00:00 0 
7f6022580000-7f6022c00000 ---p 00000000 00:00 0 
7f6022fff000-7f6023000000 ---p 00000000 00:00 0 
7f6023000000-7f6023800000 rw-p 00000000 00:00 0 
7f6023800000-7f6023831000 r-xp 00000000 103:02 12323032                  /home/jackm/.discord-rpc/libdiscord-rpc.so
7f6023831000-7f6023a30000 ---p 00031000 103:02 12323032                  /home/jackm/.discord-rpc/libdiscord-rpc.so
7f6023a30000-7f6023a31000 r--p 00030000 103:02 12323032                  /home/jackm/.discord-rpc/libdiscord-rpc.so
7f6023a31000-7f6023a33000 rw-p 00031000 103:02 12323032                  /home/jackm/.discord-rpc/libdiscord-rpc.so
7f6023a33000-7f6023a69000 rw-p 00000000 00:00 0 
7f6023b15000-7f6023c00000 rw-s 00000000 00:01 2359336                    /SYSV00000000 (deleted)
7f6023c00000-7f6023c18000 r-xp 00000000 00:22 6974                       /tmp/jna-100881518/jna10967871295566592328.tmp (deleted)
7f6023c18000-7f6023e18000 ---p 00018000 00:22 6974                       /tmp/jna-100881518/jna10967871295566592328.tmp (deleted)
7f6023e18000-7f6023e19000 rw-p 00018000 00:22 6974                       /tmp/jna-100881518/jna10967871295566592328.tmp (deleted)
7f6023efe000-7f6023eff000 ---p 00000000 00:00 0 
7f6023eff000-7f6024000000 rw-p 00000000 00:00 0 
7f6024000000-7f6024021000 rw-p 00000000 00:00 0 
7f6024021000-7f6028000000 ---p 00000000 00:00 0 
7f6028000000-7f602802d000 rw-p 00000000 00:00 0 
7f602802d000-7f602c000000 ---p 00000000 00:00 0 
7f602c000000-7f602c06b000 rw-p 00000000 00:00 0 
7f602c06b000-7f6030000000 ---p 00000000 00:00 0 
7f6030000000-7f6030022000 rw-p 00000000 00:00 0 
7f6030022000-7f6034000000 ---p 00000000 00:00 0 
7f6034000000-7f603465b000 rw-p 00000000 00:00 0 
7f603465b000-7f6038000000 ---p 00000000 00:00 0 
7f6038000000-7f6038021000 rw-p 00000000 00:00 0 
7f6038021000-7f603c000000 ---p 00000000 00:00 0 
7f603c000000-7f603c021000 rw-p 00000000 00:00 0 
7f603c021000-7f6040000000 ---p 00000000 00:00 0 
7f6040000000-7f6040021000 rw-p 00000000 00:00 0 
7f6040021000-7f6044000000 ---p 00000000 00:00 0 
7f6044000000-7f6044021000 rw-p 00000000 00:00 0 
7f6044021000-7f6048000000 ---p 00000000 00:00 0 
7f6048000000-7f6048021000 rw-p 00000000 00:00 0 
7f6048021000-7f604c000000 ---p 00000000 00:00 0 
7f604c000000-7f604c021000 rw-p 00000000 00:00 0 
7f604c021000-7f6050000000 ---p 00000000 00:00 0 
7f6050000000-7f6050021000 rw-p 00000000 00:00 0 
7f6050021000-7f6054000000 ---p 00000000 00:00 0 
7f6054000000-7f6054021000 rw-p 00000000 00:00 0 
7f6054021000-7f6058000000 ---p 00000000 00:00 0 
7f6058000000-7f6058021000 rw-p 00000000 00:00 0 
7f6058021000-7f605c000000 ---p 00000000 00:00 0 
7f605c000000-7f605c021000 rw-p 00000000 00:00 0 
7f605c021000-7f6060000000 ---p 00000000 00:00 0 
7f6060000000-7f6060021000 rw-p 00000000 00:00 0 
7f6060021000-7f6064000000 ---p 00000000 00:00 0 
7f6064000000-7f6064021000 rw-p 00000000 00:00 0 
7f6064021000-7f6068000000 ---p 00000000 00:00 0 
7f6068000000-7f6068103000 rw-p 00000000 00:00 0 
7f6068103000-7f606c000000 ---p 00000000 00:00 0 
7f606c000000-7f606c021000 rw-p 00000000 00:00 0 
7f606c021000-7f6070000000 ---p 00000000 00:00 0 
7f6070000000-7f60708db000 rw-p 00000000 00:00 0 
7f60708db000-7f6074000000 ---p 00000000 00:00 0 
7f6074000000-7f6074021000 rw-p 00000000 00:00 0 
7f6074021000-7f6078000000 ---p 00000000 00:00 0 
7f6078000000-7f6078021000 rw-p 00000000 00:00 0 
7f6078021000-7f607c000000 ---p 00000000 00:00 0 
7f607c000000-7f607c021000 rw-p 00000000 00:00 0 
7f607c021000-7f6080000000 ---p 00000000 00:00 0 
7f6080000000-7f6080021000 rw-p 00000000 00:00 0 
7f6080021000-7f6084000000 ---p 00000000 00:00 0 
7f6084000000-7f6084744000 rw-p 00000000 00:00 0 
7f6084744000-7f6088000000 ---p 00000000 00:00 0 
7f6088000000-7f6088021000 rw-p 00000000 00:00 0 
7f6088021000-7f608c000000 ---p 00000000 00:00 0 
7f608c000000-7f608c021000 rw-p 00000000 00:00 0 
7f608c021000-7f6090000000 ---p 00000000 00:00 0 
7f6090000000-7f60907db000 rw-p 00000000 00:00 0 
7f60907db000-7f6094000000 ---p 00000000 00:00 0 
7f6094000000-7f6094021000 rw-p 00000000 00:00 0 
7f6094021000-7f6098000000 ---p 00000000 00:00 0 
7f6098000000-7f6098021000 rw-p 00000000 00:00 0 
7f6098021000-7f609c000000 ---p 00000000 00:00 0 
7f609c000000-7f609c021000 rw-p 00000000 00:00 0 
7f609c021000-7f60a0000000 ---p 00000000 00:00 0 
7f60a0000000-7f60a0021000 rw-p 00000000 00:00 0 
7f60a0021000-7f60a4000000 ---p 00000000 00:00 0 
7f60a4000000-7f60a4021000 rw-p 00000000 00:00 0 
7f60a4021000-7f60a8000000 ---p 00000000 00:00 0 
7f60a8000000-7f60a9030000 rw-p 00000000 00:00 0 
7f60a9030000-7f60ac000000 ---p 00000000 00:00 0 
7f60ac000000-7f60ac021000 rw-p 00000000 00:00 0 
7f60ac021000-7f60b0000000 ---p 00000000 00:00 0 
7f60b0098000-7f60b009c000 ---p 00000000 00:00 0 
7f60b009c000-7f60b0198000 rw-p 00000000 00:00 0 
7f60b0198000-7f60b01a3000 r--p 00000000 103:02 30031850                  /usr/lib/liblcms2.so.2.0.13
7f60b01a3000-7f60b01e1000 r-xp 0000b000 103:02 30031850                  /usr/lib/liblcms2.so.2.0.13
7f60b01e1000-7f60b01f6000 r--p 00049000 103:02 30031850                  /usr/lib/liblcms2.so.2.0.13
7f60b01f6000-7f60b01f7000 ---p 0005e000 103:02 30031850                  /usr/lib/liblcms2.so.2.0.13
7f60b01f7000-7f60b01f9000 r--p 0005e000 103:02 30031850                  /usr/lib/liblcms2.so.2.0.13
7f60b01f9000-7f60b01fc000 rw-p 00060000 103:02 30031850                  /usr/lib/liblcms2.so.2.0.13
7f60b01fc000-7f60b01fe000 rw-p 00000000 00:00 0 
7f60b01fe000-7f60b01ff000 ---p 00000000 00:00 0 
7f60b01ff000-7f60b0300000 rw-p 00000000 00:00 0 
7f60b0300000-7f60b0304000 ---p 00000000 00:00 0 
7f60b0304000-7f60b0400000 rw-p 00000000 00:00 0 
7f60b0400000-7f60b0404000 ---p 00000000 00:00 0 
7f60b0404000-7f60b0500000 rw-p 00000000 00:00 0 
7f60b0500000-7f60b0504000 ---p 00000000 00:00 0 
7f60b0504000-7f60b0600000 rw-p 00000000 00:00 0 
7f60b0600000-7f60b0604000 ---p 00000000 00:00 0 
7f60b0604000-7f60b0700000 rw-p 00000000 00:00 0 
7f60b0700000-7f60b0704000 ---p 00000000 00:00 0 
7f60b0704000-7f60b0900000 rw-p 00000000 00:00 0 
7f60b0900000-7f60b0940000 rw-p 00000000 00:00 0 
7f60b0940000-7f60b0980000 rw-p 00000000 00:00 0 
7f60b0980000-7f60b0b00000 rw-p 00000000 00:00 0 
7f60b0b00000-7f60b0b40000 rw-p 00000000 00:00 0 
7f60b0b40000-7f60b0b80000 rw-p 00000000 00:00 0 
7f60b0b80000-7f60b0c80000 rw-p 00000000 00:00 0 
7f60b0c80000-7f60b0d00000 rw-p 00000000 00:00 0 
7f60b0d00000-7f60b0f00000 rw-p 00000000 00:00 0 
7f60b0f00000-7f60b1000000 rw-p 00000000 00:00 0 
7f60b1029000-7f60b102d000 ---p 00000000 00:00 0 
7f60b102d000-7f60b104b000 rw-p 00000000 00:00 0 
7f60b1083000-7f60b1087000 ---p 00000000 00:00 0 
7f60b1087000-7f60b1183000 rw-p 00000000 00:00 0 
7f60b1183000-7f60b1187000 ---p 00000000 00:00 0 
7f60b1187000-7f60b1283000 rw-p 00000000 00:00 0 
7f60b1283000-7f60b1284000 ---p 00000000 00:00 0 
7f60b1284000-7f60b1385000 rw-p 00000000 00:00 0 
7f60b1385000-7f60b1386000 ---p 00000000 00:00 0 
7f60b1386000-7f60b1487000 rw-p 00000000 00:00 0 
7f60b1487000-7f60b1488000 ---p 00000000 00:00 0 
7f60b1488000-7f60b1589000 rw-p 00000000 00:00 0 
7f60b1589000-7f60b158a000 ---p 00000000 00:00 0 
7f60b158a000-7f60b168b000 rw-p 00000000 00:00 0 
7f60b168b000-7f60b168c000 ---p 00000000 00:00 0 
7f60b168c000-7f60b178d000 rw-p 00000000 00:00 0 
7f60b178d000-7f60b178e000 ---p 00000000 00:00 0 
7f60b178e000-7f60b188f000 rw-p 00000000 00:00 0 
7f60b188f000-7f60b1890000 ---p 00000000 00:00 0 
7f60b1890000-7f60b1991000 rw-p 00000000 00:00 0 
7f60b1991000-7f60b1992000 ---p 00000000 00:00 0 
7f60b1992000-7f60b1a93000 rw-p 00000000 00:00 0 
7f60b1a93000-7f60b1a97000 ---p 00000000 00:00 0 
7f60b1a97000-7f60b1b93000 rw-p 00000000 00:00 0 
7f60b1b93000-7f60b1b97000 ---p 00000000 00:00 0 
7f60b1b97000-7f60b1c93000 rw-p 00000000 00:00 0 
7f60b1c93000-7f60b1c97000 ---p 00000000 00:00 0 
7f60b1c97000-7f60b1d93000 rw-p 00000000 00:00 0 
7f60b1d93000-7f60b1d97000 ---p 00000000 00:00 0 
7f60b1d97000-7f60b1e93000 rw-p 00000000 00:00 0 
7f60b1e93000-7f60b1e96000 r--p 00000000 103:02 30020464                  /usr/lib/libnss_resolve.so.2
7f60b1e96000-7f60b1eac000 r-xp 00003000 103:02 30020464                  /usr/lib/libnss_resolve.so.2
7f60b1eac000-7f60b1eb3000 r--p 00019000 103:02 30020464                  /usr/lib/libnss_resolve.so.2
7f60b1eb3000-7f60b1eb4000 ---p 00020000 103:02 30020464                  /usr/lib/libnss_resolve.so.2
7f60b1eb4000-7f60b1eb5000 r--p 00020000 103:02 30020464                  /usr/lib/libnss_resolve.so.2
7f60b1eb5000-7f60b1eb6000 rw-p 00021000 103:02 30020464                  /usr/lib/libnss_resolve.so.2
7f60b1eb6000-7f60b1eba000 r--p 00000000 103:02 30022031                  /usr/lib/libresolv.so.2
7f60b1eba000-7f60b1ec2000 r-xp 00004000 103:02 30022031                  /usr/lib/libresolv.so.2
7f60b1ec2000-7f60b1ec5000 r--p 0000c000 103:02 30022031                  /usr/lib/libresolv.so.2
7f60b1ec5000-7f60b1ec6000 r--p 0000e000 103:02 30022031                  /usr/lib/libresolv.so.2
7f60b1ec6000-7f60b1ec7000 rw-p 0000f000 103:02 30022031                  /usr/lib/libresolv.so.2
7f60b1ec7000-7f60b1ec9000 rw-p 00000000 00:00 0 
7f60b1ec9000-7f60b1ecc000 r--p 00000000 103:02 30021805                  /usr/lib/libcap.so.2.64
7f60b1ecc000-7f60b1ed1000 r-xp 00003000 103:02 30021805                  /usr/lib/libcap.so.2.64
7f60b1ed1000-7f60b1ed3000 r--p 00008000 103:02 30021805                  /usr/lib/libcap.so.2.64
7f60b1ed3000-7f60b1ed4000 r--p 00009000 103:02 30021805                  /usr/lib/libcap.so.2.64
7f60b1ed4000-7f60b1ed5000 rw-p 0000a000 103:02 30021805                  /usr/lib/libcap.so.2.64
7f60b1ed5000-7f60b1fe2000 r--s 00000000 103:02 29099457                  /var/cache/fontconfig/923e285e415b1073c8df160bee08820f-le64.cache-8
7f60b1fe2000-7f60b1ff1000 r--s 00000000 103:02 29100872                  /var/cache/fontconfig/8d4af663993b81a124ee82e610bb31f9-le64.cache-8
7f60b1ff1000-7f60b2000000 r--s 00000000 103:02 11011675                  /home/jackm/.cache/fontconfig/491f45a0a771fef1c10b9b647a97fb82-le64.cache-8
7f60b2000000-7f60b4000000 rw-p 00000000 00:00 0 
7f60b4000000-7f60b4021000 rw-p 00000000 00:00 0 
7f60b4021000-7f60b8000000 ---p 00000000 00:00 0 
7f60b8000000-7f60b8021000 rw-p 00000000 00:00 0 
7f60b8021000-7f60bc000000 ---p 00000000 00:00 0 
7f60bc000000-7f60bc021000 rw-p 00000000 00:00 0 
7f60bc021000-7f60c0000000 ---p 00000000 00:00 0 
7f60c0009000-7f60c001f000 r--s 00000000 103:02 29099461                  /var/cache/fontconfig/f96e5f8939a23ba08c47f4cda8028859-le64.cache-8
7f60c0023000-7f60c002a000 r--p 00000000 103:02 30020416                  /usr/lib/libnss_mymachines.so.2
7f60c002a000-7f60c0060000 r-xp 00007000 103:02 30020416                  /usr/lib/libnss_mymachines.so.2
7f60c0060000-7f60c0073000 r--p 0003d000 103:02 30020416                  /usr/lib/libnss_mymachines.so.2
7f60c0073000-7f60c0074000 ---p 00050000 103:02 30020416                  /usr/lib/libnss_mymachines.so.2
7f60c0074000-7f60c0077000 r--p 00050000 103:02 30020416                  /usr/lib/libnss_mymachines.so.2
7f60c0077000-7f60c0078000 rw-p 00053000 103:02 30020416                  /usr/lib/libnss_mymachines.so.2
7f60c0078000-7f60c0079000 rw-p 00000000 00:00 0 
7f60c0099000-7f60c009b000 r--p 00000000 103:02 30280722                  /usr/lib/jvm/java-17-openjdk/lib/liblcms.so
7f60c009b000-7f60c009d000 r-xp 00002000 103:02 30280722                  /usr/lib/jvm/java-17-openjdk/lib/liblcms.so
7f60c009d000-7f60c009e000 r--p 00004000 103:02 30280722                  /usr/lib/jvm/java-17-openjdk/lib/liblcms.so
7f60c009e000-7f60c009f000 r--p 00004000 103:02 30280722                  /usr/lib/jvm/java-17-openjdk/lib/liblcms.so
7f60c009f000-7f60c00a0000 rw-p 00005000 103:02 30280722                  /usr/lib/jvm/java-17-openjdk/lib/liblcms.so
7f60c00a0000-7f60c00a4000 ---p 00000000 00:00 0 
7f60c00a4000-7f60c01a0000 rw-p 00000000 00:00 0 
7f60c01a0000-7f60c01a4000 ---p 00000000 00:00 0 
7f60c01a4000-7f60c02a0000 rw-p 00000000 00:00 0 
7f60c02a0000-7f60c02a1000 r--p 00000000 103:02 30021791                  /usr/lib/libbrotlicommon.so.1.0.9
7f60c02a1000-7f60c02a2000 r-xp 00001000 103:02 30021791                  /usr/lib/libbrotlicommon.so.1.0.9
7f60c02a2000-7f60c02c1000 r--p 00002000 103:02 30021791                  /usr/lib/libbrotlicommon.so.1.0.9
7f60c02c1000-7f60c02c2000 r--p 00020000 103:02 30021791                  /usr/lib/libbrotlicommon.so.1.0.9
7f60c02c2000-7f60c02c3000 rw-p 00021000 103:02 30021791                  /usr/lib/libbrotlicommon.so.1.0.9
7f60c02c3000-7f60c02e0000 r--p 00000000 103:02 30021877                  /usr/lib/libglib-2.0.so.0.7200.3
7f60c02e0000-7f60c0372000 r-xp 0001d000 103:02 30021877                  /usr/lib/libglib-2.0.so.0.7200.3
7f60c0372000-7f60c03fc000 r--p 000af000 103:02 30021877                  /usr/lib/libglib-2.0.so.0.7200.3
7f60c03fc000-7f60c03fd000 ---p 00139000 103:02 30021877                  /usr/lib/libglib-2.0.so.0.7200.3
7f60c03fd000-7f60c03fe000 r--p 00139000 103:02 30021877                  /usr/lib/libglib-2.0.so.0.7200.3
7f60c03fe000-7f60c03ff000 rw-p 0013a000 103:02 30021877                  /usr/lib/libglib-2.0.so.0.7200.3
7f60c03ff000-7f60c0600000 rw-p 00000000 00:00 0 
7f60c0600000-7f60c0680000 rw-p 00000000 00:00 0 
7f60c0680000-7f60c0700000 rw-p 00000000 00:00 0 
7f60c0700000-7f60c0880000 rw-p 00000000 00:00 0 
7f60c0880000-7f60c0900000 rw-p 00000000 00:00 0 
7f60c0900000-7f60c0a40000 rw-p 00000000 00:00 0 
7f60c0a40000-7f60c0a80000 rw-p 00000000 00:00 0 
7f60c0a80000-7f60c0b00000 rw-p 00000000 00:00 0 
7f60c0b00000-7f60c0c00000 rw-p 00000000 00:00 0 
7f60c0c06000-7f60c0c17000 r--s 00000000 103:02 29099462                  /var/cache/fontconfig/fb42211fc6e0c1a73c189e83d3791827-le64.cache-8
7f60c0c17000-7f60c0c19000 r--p 00000000 103:02 30021766                  /usr/lib/libXfixes.so.3.1.0
7f60c0c19000-7f60c0c1c000 r-xp 00002000 103:02 30021766                  /usr/lib/libXfixes.so.3.1.0
7f60c0c1c000-7f60c0c1d000 r--p 00005000 103:02 30021766                  /usr/lib/libXfixes.so.3.1.0
7f60c0c1d000-7f60c0c1e000 ---p 00006000 103:02 30021766                  /usr/lib/libXfixes.so.3.1.0
7f60c0c1e000-7f60c0c1f000 r--p 00006000 103:02 30021766                  /usr/lib/libXfixes.so.3.1.0
7f60c0c1f000-7f60c0c20000 rw-p 00007000 103:02 30021766                  /usr/lib/libXfixes.so.3.1.0
7f60c0c20000-7f60c0c22000 r--p 00000000 103:02 30022004                  /usr/lib/libpcre.so.1.2.13
7f60c0c22000-7f60c0c78000 r-xp 00002000 103:02 30022004                  /usr/lib/libpcre.so.1.2.13
7f60c0c78000-7f60c0c95000 r--p 00058000 103:02 30022004                  /usr/lib/libpcre.so.1.2.13
7f60c0c95000-7f60c0c96000 r--p 00074000 103:02 30022004                  /usr/lib/libpcre.so.1.2.13
7f60c0c96000-7f60c0c97000 rw-p 00075000 103:02 30022004                  /usr/lib/libpcre.so.1.2.13
7f60c0c97000-7f60c0c98000 r--p 00000000 103:02 30021793                  /usr/lib/libbrotlidec.so.1.0.9
7f60c0c98000-7f60c0ca0000 r-xp 00001000 103:02 30021793                  /usr/lib/libbrotlidec.so.1.0.9
7f60c0ca0000-7f60c0ca3000 r--p 00009000 103:02 30021793                  /usr/lib/libbrotlidec.so.1.0.9
7f60c0ca3000-7f60c0ca4000 r--p 0000b000 103:02 30021793                  /usr/lib/libbrotlidec.so.1.0.9
7f60c0ca4000-7f60c0ca5000 rw-p 0000c000 103:02 30021793                  /usr/lib/libbrotlidec.so.1.0.9
7f60c0ca5000-7f60c0cab000 r--p 00000000 103:02 30022016                  /usr/lib/libpng16.so.16.37.0
7f60c0cab000-7f60c0ccf000 r-xp 00006000 103:02 30022016                  /usr/lib/libpng16.so.16.37.0
7f60c0ccf000-7f60c0cda000 r--p 0002a000 103:02 30022016                  /usr/lib/libpng16.so.16.37.0
7f60c0cda000-7f60c0cdb000 r--p 00034000 103:02 30022016                  /usr/lib/libpng16.so.16.37.0
7f60c0cdb000-7f60c0cdc000 rw-p 00035000 103:02 30022016                  /usr/lib/libpng16.so.16.37.0
7f60c0cdc000-7f60c0cdf000 r--p 00000000 103:02 30031735                  /usr/lib/libgraphite2.so.3.2.1
7f60c0cdf000-7f60c0cf7000 r-xp 00003000 103:02 30031735                  /usr/lib/libgraphite2.so.3.2.1
7f60c0cf7000-7f60c0cfa000 r--p 0001b000 103:02 30031735                  /usr/lib/libgraphite2.so.3.2.1
7f60c0cfa000-7f60c0cfb000 ---p 0001e000 103:02 30031735                  /usr/lib/libgraphite2.so.3.2.1
7f60c0cfb000-7f60c0cfd000 r--p 0001e000 103:02 30031735                  /usr/lib/libgraphite2.so.3.2.1
7f60c0cfd000-7f60c0cfe000 rw-p 00020000 103:02 30031735                  /usr/lib/libgraphite2.so.3.2.1
7f60c0cfe000-7f60c0d0c000 r--p 00000000 103:02 30031712                  /usr/lib/libfreetype.so.6.18.3
7f60c0d0c000-7f60c0d8e000 r-xp 0000e000 103:02 30031712                  /usr/lib/libfreetype.so.6.18.3
7f60c0d8e000-7f60c0dc4000 r--p 00090000 103:02 30031712                  /usr/lib/libfreetype.so.6.18.3
7f60c0dc4000-7f60c0dc5000 ---p 000c6000 103:02 30031712                  /usr/lib/libfreetype.so.6.18.3
7f60c0dc5000-7f60c0dcc000 r--p 000c6000 103:02 30031712                  /usr/lib/libfreetype.so.6.18.3
7f60c0dcc000-7f60c0dcd000 rw-p 000cd000 103:02 30031712                  /usr/lib/libfreetype.so.6.18.3
7f60c0dcd000-7f60c0dd8000 r--p 00000000 103:02 30031781                  /usr/lib/libharfbuzz.so.0.40401.0
7f60c0dd8000-7f60c0e81000 r-xp 0000b000 103:02 30031781                  /usr/lib/libharfbuzz.so.0.40401.0
7f60c0e81000-7f60c0eba000 r--p 000b4000 103:02 30031781                  /usr/lib/libharfbuzz.so.0.40401.0
7f60c0eba000-7f60c0ebb000 ---p 000ed000 103:02 30031781                  /usr/lib/libharfbuzz.so.0.40401.0
7f60c0ebb000-7f60c0ebc000 r--p 000ed000 103:02 30031781                  /usr/lib/libharfbuzz.so.0.40401.0
7f60c0ebc000-7f60c0ebd000 rw-p 000ee000 103:02 30031781                  /usr/lib/libharfbuzz.so.0.40401.0
7f60c0ebe000-7f60c0ebf000 rwxp 00000000 00:00 0 
7f60c0ebf000-7f60c0ec0000 r--p 00000000 103:02 30031914                  /usr/lib/libnss_mdns4_minimal.so.2
7f60c0ec0000-7f60c0ec2000 r-xp 00001000 103:02 30031914                  /usr/lib/libnss_mdns4_minimal.so.2
7f60c0ec2000-7f60c0ec3000 r--p 00003000 103:02 30031914                  /usr/lib/libnss_mdns4_minimal.so.2
7f60c0ec3000-7f60c0ec4000 r--p 00003000 103:02 30031914                  /usr/lib/libnss_mdns4_minimal.so.2
7f60c0ec4000-7f60c0ec5000 rw-p 00004000 103:02 30031914                  /usr/lib/libnss_mdns4_minimal.so.2
7f60c0ec5000-7f60c0ec6000 r--s 00000000 103:02 29099453                  /var/cache/fontconfig/40a9d18f2870572023edd72623462882-le64.cache-8
7f60c0ec6000-7f60c0ed3000 r--s 00000000 103:02 29099451                  /var/cache/fontconfig/210c0516121708a580e22e6b1f9a103a-le64.cache-8
7f60c0ed3000-7f60c0ee4000 r--s 00000000 103:02 29099460                  /var/cache/fontconfig/f6b893a7224233d96cb72fd88691c0b4-le64.cache-8
7f60c0ee4000-7f60c0ef0000 r--p 00000000 103:02 30022126                  /usr/lib/libxcb.so.1.1.0
7f60c0ef0000-7f60c0f04000 r-xp 0000c000 103:02 30022126                  /usr/lib/libxcb.so.1.1.0
7f60c0f04000-7f60c0f0d000 r--p 00020000 103:02 30022126                  /usr/lib/libxcb.so.1.1.0
7f60c0f0d000-7f60c0f0e000 r--p 00028000 103:02 30022126                  /usr/lib/libxcb.so.1.1.0
7f60c0f0e000-7f60c0f0f000 rw-p 00029000 103:02 30022126                  /usr/lib/libxcb.so.1.1.0
7f60c0f0f000-7f60c0f2b000 r--p 00000000 103:02 30021761                  /usr/lib/libX11.so.6.4.0
7f60c0f2b000-7f60c0fb6000 r-xp 0001c000 103:02 30021761                  /usr/lib/libX11.so.6.4.0
7f60c0fb6000-7f60c104b000 r--p 000a7000 103:02 30021761                  /usr/lib/libX11.so.6.4.0
7f60c104b000-7f60c104e000 r--p 0013b000 103:02 30021761                  /usr/lib/libX11.so.6.4.0
7f60c104e000-7f60c1052000 rw-p 0013e000 103:02 30021761                  /usr/lib/libX11.so.6.4.0
7f60c1052000-7f60c107d000 r--p 00000000 103:02 30280690                  /usr/lib/jvm/java-17-openjdk/lib/libawt.so
7f60c107d000-7f60c1100000 r-xp 0002b000 103:02 30280690                  /usr/lib/jvm/java-17-openjdk/lib/libawt.so
7f60c1100000-7f60c110d000 r--p 000ae000 103:02 30280690                  /usr/lib/jvm/java-17-openjdk/lib/libawt.so
7f60c110d000-7f60c110e000 r--p 000ba000 103:02 30280690                  /usr/lib/jvm/java-17-openjdk/lib/libawt.so
7f60c110e000-7f60c1119000 rw-p 000bb000 103:02 30280690                  /usr/lib/jvm/java-17-openjdk/lib/libawt.so
7f60c1119000-7f60c113e000 rw-p 00000000 00:00 0 
7f60c113e000-7f60c1142000 ---p 00000000 00:00 0 
7f60c1142000-7f60c123e000 rw-p 00000000 00:00 0 
7f60c123e000-7f60c123f000 ---p 00000000 00:00 0 
7f60c123f000-7f60c1340000 rw-p 00000000 00:00 0 
7f60c1340000-7f60c1344000 ---p 00000000 00:00 0 
7f60c1344000-7f60c1440000 rw-p 00000000 00:00 0 
7f60c1440000-7f60c1444000 ---p 00000000 00:00 0 
7f60c1444000-7f60c1540000 rw-p 00000000 00:00 0 
7f60c1540000-7f60c1544000 ---p 00000000 00:00 0 
7f60c1544000-7f60c1640000 rw-p 00000000 00:00 0 
7f60c1640000-7f60c1644000 ---p 00000000 00:00 0 
7f60c1644000-7f60c1740000 rw-p 00000000 00:00 0 
7f60c1740000-7f60c1744000 ---p 00000000 00:00 0 
7f60c1744000-7f60c1840000 rw-p 00000000 00:00 0 
7f60c1840000-7f60c1844000 ---p 00000000 00:00 0 
7f60c1844000-7f60c1940000 rw-p 00000000 00:00 0 
7f60c1940000-7f60c1944000 ---p 00000000 00:00 0 
7f60c1944000-7f60c1a40000 rw-p 00000000 00:00 0 
7f60c1a40000-7f60c1d29000 r--p 00000000 103:02 30025623                  /usr/lib/locale/locale-archive
7f60c1d29000-7f60c1e81000 rw-p 00000000 00:00 0 
7f60c1e81000-7f60c2091000 ---p 00000000 00:00 0 
7f60c2091000-7f60c2099000 rw-p 00000000 00:00 0 
7f60c2099000-7f60c5979000 ---p 00000000 00:00 0 
7f60c5979000-7f60c5ad1000 rw-p 00000000 00:00 0 
7f60c5ad1000-7f60c5ce1000 ---p 00000000 00:00 0 
7f60c5ce1000-7f60c5ce9000 rw-p 00000000 00:00 0 
7f60c5ce9000-7f60c95c9000 ---p 00000000 00:00 0 
7f60c95c9000-7f60c9839000 rwxp 00000000 00:00 0 
7f60c9839000-7f60c9b5b000 ---p 00000000 00:00 0 
7f60c9b5b000-7f60ca17b000 rwxp 00000000 00:00 0 
7f60ca17b000-7f60d1092000 ---p 00000000 00:00 0 
7f60d1092000-7f60d1302000 rwxp 00000000 00:00 0 
7f60d1302000-7f60d85c9000 ---p 00000000 00:00 0 
7f60d85c9000-7f60e0000000 r--s 00000000 103:02 30280747                  /usr/lib/jvm/java-17-openjdk/lib/modules
7f60e0000000-7f60e09fb000 rw-p 00000000 00:00 0 
7f60e09fb000-7f60e4000000 ---p 00000000 00:00 0 
7f60e4000000-7f60e4003000 r--p 00000000 103:02 30031503                  /usr/lib/libXcursor.so.1.0.2
7f60e4003000-7f60e4008000 r-xp 00003000 103:02 30031503                  /usr/lib/libXcursor.so.1.0.2
7f60e4008000-7f60e400a000 r--p 00008000 103:02 30031503                  /usr/lib/libXcursor.so.1.0.2
7f60e400a000-7f60e400b000 r--p 00009000 103:02 30031503                  /usr/lib/libXcursor.so.1.0.2
7f60e400b000-7f60e400c000 rw-p 0000a000 103:02 30031503                  /usr/lib/libXcursor.so.1.0.2
7f60e400c000-7f60e400e000 r--p 00000000 103:02 30021764                  /usr/lib/libXdmcp.so.6.0.0
7f60e400e000-7f60e4010000 r-xp 00002000 103:02 30021764                  /usr/lib/libXdmcp.so.6.0.0
7f60e4010000-7f60e4012000 r--p 00004000 103:02 30021764                  /usr/lib/libXdmcp.so.6.0.0
7f60e4012000-7f60e4013000 r--p 00005000 103:02 30021764                  /usr/lib/libXdmcp.so.6.0.0
7f60e4013000-7f60e4014000 rw-p 00006000 103:02 30021764                  /usr/lib/libXdmcp.so.6.0.0
7f60e4014000-7f60e4017000 r--p 00000000 103:02 30031506                  /usr/lib/libXi.so.6.1.0
7f60e4017000-7f60e4023000 r-xp 00003000 103:02 30031506                  /usr/lib/libXi.so.6.1.0
7f60e4023000-7f60e4026000 r--p 0000f000 103:02 30031506                  /usr/lib/libXi.so.6.1.0
7f60e4026000-7f60e4027000 r--p 00011000 103:02 30031506                  /usr/lib/libXi.so.6.1.0
7f60e4027000-7f60e4028000 rw-p 00012000 103:02 30031506                  /usr/lib/libXi.so.6.1.0
7f60e4028000-7f60e402a000 r--p 00000000 103:02 30031515                  /usr/lib/libXtst.so.6.1.0
7f60e402a000-7f60e402d000 r-xp 00002000 103:02 30031515                  /usr/lib/libXtst.so.6.1.0
7f60e402d000-7f60e402e000 r--p 00005000 103:02 30031515                  /usr/lib/libXtst.so.6.1.0
7f60e402e000-7f60e402f000 ---p 00006000 103:02 30031515                  /usr/lib/libXtst.so.6.1.0
7f60e402f000-7f60e4030000 r--p 00006000 103:02 30031515                  /usr/lib/libXtst.so.6.1.0
7f60e4030000-7f60e4031000 rw-p 00007000 103:02 30031515                  /usr/lib/libXtst.so.6.1.0
7f60e4031000-7f60e4035000 r--p 00000000 103:02 30021765                  /usr/lib/libXext.so.6.4.0
7f60e4035000-7f60e4040000 r-xp 00004000 103:02 30021765                  /usr/lib/libXext.so.6.4.0
7f60e4040000-7f60e4044000 r--p 0000f000 103:02 30021765                  /usr/lib/libXext.so.6.4.0
7f60e4044000-7f60e4045000 r--p 00012000 103:02 30021765                  /usr/lib/libXext.so.6.4.0
7f60e4045000-7f60e4046000 rw-p 00013000 103:02 30021765                  /usr/lib/libXext.so.6.4.0
7f60e4046000-7f60e4047000 r--p 00000000 103:02 30022023                  /usr/lib/libpthread.so.0
7f60e4047000-7f60e4048000 r-xp 00001000 103:02 30022023                  /usr/lib/libpthread.so.0
7f60e4048000-7f60e4049000 r--p 00002000 103:02 30022023                  /usr/lib/libpthread.so.0
7f60e4049000-7f60e404a000 r--p 00002000 103:02 30022023                  /usr/lib/libpthread.so.0
7f60e404a000-7f60e404b000 rw-p 00003000 103:02 30022023                  /usr/lib/libpthread.so.0
7f60e404b000-7f60e404d000 r--p 00000000 103:02 30021798                  /usr/lib/libbz2.so.1.0.8
7f60e404d000-7f60e405a000 r-xp 00002000 103:02 30021798                  /usr/lib/libbz2.so.1.0.8
7f60e405a000-7f60e405c000 r--p 0000f000 103:02 30021798                  /usr/lib/libbz2.so.1.0.8
7f60e405c000-7f60e405d000 r--p 00010000 103:02 30021798                  /usr/lib/libbz2.so.1.0.8
7f60e405d000-7f60e405e000 rw-p 00011000 103:02 30021798                  /usr/lib/libbz2.so.1.0.8
7f60e405e000-7f60e4061000 r--p 00000000 103:02 30280697                  /usr/lib/jvm/java-17-openjdk/lib/libfontmanager.so
7f60e4061000-7f60e4069000 r-xp 00003000 103:02 30280697                  /usr/lib/jvm/java-17-openjdk/lib/libfontmanager.so
7f60e4069000-7f60e406b000 r--p 0000b000 103:02 30280697                  /usr/lib/jvm/java-17-openjdk/lib/libfontmanager.so
7f60e406b000-7f60e406c000 r--p 0000c000 103:02 30280697                  /usr/lib/jvm/java-17-openjdk/lib/libfontmanager.so
7f60e406c000-7f60e406d000 rw-p 0000d000 103:02 30280697                  /usr/lib/jvm/java-17-openjdk/lib/libfontmanager.so
7f60e406d000-7f60e407b000 r--p 00000000 103:02 30280765                  /usr/lib/jvm/java-17-openjdk/lib/libawt_xawt.so
7f60e407b000-7f60e40b7000 r-xp 0000e000 103:02 30280765                  /usr/lib/jvm/java-17-openjdk/lib/libawt_xawt.so
7f60e40b7000-7f60e40c7000 r--p 0004a000 103:02 30280765                  /usr/lib/jvm/java-17-openjdk/lib/libawt_xawt.so
7f60e40c7000-7f60e40c8000 ---p 0005a000 103:02 30280765                  /usr/lib/jvm/java-17-openjdk/lib/libawt_xawt.so
7f60e40c8000-7f60e40c9000 r--p 0005a000 103:02 30280765                  /usr/lib/jvm/java-17-openjdk/lib/libawt_xawt.so
7f60e40c9000-7f60e40cb000 rw-p 0005b000 103:02 30280765                  /usr/lib/jvm/java-17-openjdk/lib/libawt_xawt.so
7f60e40cb000-7f60e40fe000 rw-p 00000000 00:00 0 
7f60e40fe000-7f60e4102000 ---p 00000000 00:00 0 
7f60e4102000-7f60e41fe000 rw-p 00000000 00:00 0 
7f60e41fe000-7f60e4202000 ---p 00000000 00:00 0 
7f60e4202000-7f60e42fe000 rw-p 00000000 00:00 0 
7f60e42fe000-7f60e42ff000 ---p 00000000 00:00 0 
7f60e42ff000-7f60e4800000 rw-p 00000000 00:00 0 
7f60e4800000-7f60e4840000 rw-p 00000000 00:00 0 
7f60e4840000-7f60e4880000 rw-p 00000000 00:00 0 
7f60e4880000-7f60e4900000 rw-p 00000000 00:00 0 
7f60e4900000-7f60e4b00000 rw-p 00000000 00:00 0 
7f60e4b00000-7f60e4b20000 rw-p 00000000 00:00 0 
7f60e4b20000-7f60e4b40000 rw-p 00000000 00:00 0 
7f60e4b40000-7f60e4b80000 rw-p 00000000 00:00 0 
7f60e4b80000-7f60e4c00000 rw-p 00000000 00:00 0 
7f60e4c00000-7f60e4c01000 r--p 00000000 103:02 30031507                  /usr/lib/libXinerama.so.1.0.0
7f60e4c01000-7f60e4c02000 r-xp 00001000 103:02 30031507                  /usr/lib/libXinerama.so.1.0.0
7f60e4c02000-7f60e4c03000 r--p 00002000 103:02 30031507                  /usr/lib/libXinerama.so.1.0.0
7f60e4c03000-7f60e4c04000 r--p 00002000 103:02 30031507                  /usr/lib/libXinerama.so.1.0.0
7f60e4c04000-7f60e4c05000 rw-p 00003000 103:02 30031507                  /usr/lib/libXinerama.so.1.0.0
7f60e4c05000-7f60e4c07000 r--p 00000000 103:02 30031512                  /usr/lib/libXrender.so.1.3.0
7f60e4c07000-7f60e4c0e000 r-xp 00002000 103:02 30031512                  /usr/lib/libXrender.so.1.3.0
7f60e4c0e000-7f60e4c10000 r--p 00009000 103:02 30031512                  /usr/lib/libXrender.so.1.3.0
7f60e4c10000-7f60e4c11000 r--p 0000a000 103:02 30031512                  /usr/lib/libXrender.so.1.3.0
7f60e4c11000-7f60e4c12000 rw-p 0000b000 103:02 30031512                  /usr/lib/libXrender.so.1.3.0
7f60e4c12000-7f60e4c16000 r--p 00000000 103:02 30280732                  /usr/lib/jvm/java-17-openjdk/lib/libnet.so
7f60e4c16000-7f60e4c24000 r-xp 00004000 103:02 30280732                  /usr/lib/jvm/java-17-openjdk/lib/libnet.so
7f60e4c24000-7f60e4c28000 r--p 00012000 103:02 30280732                  /usr/lib/jvm/java-17-openjdk/lib/libnet.so
7f60e4c28000-7f60e4c29000 r--p 00015000 103:02 30280732                  /usr/lib/jvm/java-17-openjdk/lib/libnet.so
7f60e4c29000-7f60e4c2a000 rw-p 00016000 103:02 30280732                  /usr/lib/jvm/java-17-openjdk/lib/libnet.so
7f60e4c2a000-7f60e4c31000 r--p 00000000 103:02 30280734                  /usr/lib/jvm/java-17-openjdk/lib/libnio.so
7f60e4c31000-7f60e4c39000 r-xp 00007000 103:02 30280734                  /usr/lib/jvm/java-17-openjdk/lib/libnio.so
7f60e4c39000-7f60e4c3d000 r--p 0000f000 103:02 30280734                  /usr/lib/jvm/java-17-openjdk/lib/libnio.so
7f60e4c3d000-7f60e4c3e000 ---p 00013000 103:02 30280734                  /usr/lib/jvm/java-17-openjdk/lib/libnio.so
7f60e4c3e000-7f60e4c3f000 r--p 00013000 103:02 30280734                  /usr/lib/jvm/java-17-openjdk/lib/libnio.so
7f60e4c3f000-7f60e4c40000 rw-p 00014000 103:02 30280734                  /usr/lib/jvm/java-17-openjdk/lib/libnio.so
7f60e4c40000-7f60e4c42000 r--p 00000000 103:02 30280746                  /usr/lib/jvm/java-17-openjdk/lib/libzip.so
7f60e4c42000-7f60e4c46000 r-xp 00002000 103:02 30280746                  /usr/lib/jvm/java-17-openjdk/lib/libzip.so
7f60e4c46000-7f60e4c48000 r--p 00006000 103:02 30280746                  /usr/lib/jvm/java-17-openjdk/lib/libzip.so
7f60e4c48000-7f60e4c49000 r--p 00007000 103:02 30280746                  /usr/lib/jvm/java-17-openjdk/lib/libzip.so
7f60e4c49000-7f60e4c4a000 rw-p 00008000 103:02 30280746                  /usr/lib/jvm/java-17-openjdk/lib/libzip.so
7f60e4c4a000-7f60e4c4f000 r--p 00000000 103:02 30280720                  /usr/lib/jvm/java-17-openjdk/lib/libjsvml.so
7f60e4c4f000-7f60e4c90000 r-xp 00005000 103:02 30280720                  /usr/lib/jvm/java-17-openjdk/lib/libjsvml.so
7f60e4c90000-7f60e4d19000 r--p 00046000 103:02 30280720                  /usr/lib/jvm/java-17-openjdk/lib/libjsvml.so
7f60e4d19000-7f60e4d1a000 r--p 000ce000 103:02 30280720                  /usr/lib/jvm/java-17-openjdk/lib/libjsvml.so
7f60e4d1a000-7f60e4d1b000 rw-p 000cf000 103:02 30280720                  /usr/lib/jvm/java-17-openjdk/lib/libjsvml.so
7f60e4d1b000-7f60e4e38000 rw-p 00000000 00:00 0 
7f60e4e38000-7f60e4e39000 ---p 00000000 00:00 0 
7f60e4e39000-7f60e4f3a000 rw-p 00000000 00:00 0 
7f60e4f3a000-7f60e4f3b000 ---p 00000000 00:00 0 
7f60e4f3b000-7f60e5844000 rw-p 00000000 00:00 0 
7f60e5844000-7f60e5845000 ---p 00000000 00:00 0 
7f60e5845000-7f60e5946000 rw-p 00000000 00:00 0 
7f60e5946000-7f60e5947000 ---p 00000000 00:00 0 
7f60e5947000-7f60e5a48000 rw-p 00000000 00:00 0 
7f60e5a48000-7f60e5a49000 ---p 00000000 00:00 0 
7f60e5a49000-7f60e5bf2000 rw-p 00000000 00:00 0 
7f60e5bf2000-7f60e5c34000 ---p 00000000 00:00 0 
7f60e5c34000-7f60e5c35000 rw-p 00000000 00:00 0 
7f60e5c35000-7f60e6351000 ---p 00000000 00:00 0 
7f60e6351000-7f60e637c000 rw-p 00000000 00:00 0 
7f60e637c000-7f60e63be000 ---p 00000000 00:00 0 
7f60e63be000-7f60e63bf000 rw-p 00000000 00:00 0 
7f60e63bf000-7f60e6adb000 ---p 00000000 00:00 0 
7f60e6adb000-7f60e6b06000 rw-p 00000000 00:00 0 
7f60e6b06000-7f60e6b48000 ---p 00000000 00:00 0 
7f60e6b48000-7f60e6b49000 rw-p 00000000 00:00 0 
7f60e6b49000-7f60e7265000 ---p 00000000 00:00 0 
7f60e7265000-7f60e7a72000 rw-p 00000000 00:00 0 
7f60e7a72000-7f60e7b58000 ---p 00000000 00:00 0 
7f60e7b58000-7f60e7b65000 rw-p 00000000 00:00 0 
7f60e7b65000-7f60e7c43000 ---p 00000000 00:00 0 
7f60e7c43000-7f60e7c4f000 r--p 00000000 103:02 30280709                  /usr/lib/jvm/java-17-openjdk/lib/libjava.so
7f60e7c4f000-7f60e7c61000 r-xp 0000c000 103:02 30280709                  /usr/lib/jvm/java-17-openjdk/lib/libjava.so
7f60e7c61000-7f60e7c67000 r--p 0001e000 103:02 30280709                  /usr/lib/jvm/java-17-openjdk/lib/libjava.so
7f60e7c67000-7f60e7c68000 r--p 00023000 103:02 30280709                  /usr/lib/jvm/java-17-openjdk/lib/libjava.so
7f60e7c68000-7f60e7c69000 rw-p 00024000 103:02 30280709                  /usr/lib/jvm/java-17-openjdk/lib/libjava.so
7f60e7c69000-7f60e7c6a000 rw-p 00000000 00:00 0 
7f60e7c6a000-7f60e7c6e000 ---p 00000000 00:00 0 
7f60e7c6e000-7f60e7d6a000 rw-p 00000000 00:00 0 
7f60e7d6a000-7f60e7d6d000 r--p 00000000 103:02 30021866                  /usr/lib/libgcc_s.so.1
7f60e7d6d000-7f60e7d84000 r-xp 00003000 103:02 30021866                  /usr/lib/libgcc_s.so.1
7f60e7d84000-7f60e7d88000 r--p 0001a000 103:02 30021866                  /usr/lib/libgcc_s.so.1
7f60e7d88000-7f60e7d89000 r--p 0001d000 103:02 30021866                  /usr/lib/libgcc_s.so.1
7f60e7d89000-7f60e7d8a000 rw-p 0001e000 103:02 30021866                  /usr/lib/libgcc_s.so.1
7f60e7d8a000-7f60e7d98000 r--p 00000000 103:02 30021935                  /usr/lib/libm.so.6
7f60e7d98000-7f60e7e11000 r-xp 0000e000 103:02 30021935                  /usr/lib/libm.so.6
7f60e7e11000-7f60e7e6f000 r--p 00087000 103:02 30021935                  /usr/lib/libm.so.6
7f60e7e6f000-7f60e7e70000 r--p 000e4000 103:02 30021935                  /usr/lib/libm.so.6
7f60e7e70000-7f60e7e71000 rw-p 000e5000 103:02 30021935                  /usr/lib/libm.so.6
7f60e7e71000-7f60e7f0a000 r--p 00000000 103:02 30022046                  /usr/lib/libstdc++.so.6.0.30
7f60e7f0a000-7f60e8020000 r-xp 00099000 103:02 30022046                  /usr/lib/libstdc++.so.6.0.30
7f60e8020000-7f60e8097000 r--p 001af000 103:02 30022046                  /usr/lib/libstdc++.so.6.0.30
7f60e8097000-7f60e80a4000 r--p 00225000 103:02 30022046                  /usr/lib/libstdc++.so.6.0.30
7f60e80a4000-7f60e80a5000 rw-p 00232000 103:02 30022046                  /usr/lib/libstdc++.so.6.0.30
7f60e80a5000-7f60e80a8000 rw-p 00000000 00:00 0 
7f60e80a8000-7f60e82f8000 r--p 00000000 103:02 30280760                  /usr/lib/jvm/java-17-openjdk/lib/server/libjvm.so
7f60e82f8000-7f60e9046000 r-xp 00250000 103:02 30280760                  /usr/lib/jvm/java-17-openjdk/lib/server/libjvm.so
7f60e9046000-7f60e92c6000 r--p 00f9e000 103:02 30280760                  /usr/lib/jvm/java-17-openjdk/lib/server/libjvm.so
7f60e92c6000-7f60e92c7000 ---p 0121e000 103:02 30280760                  /usr/lib/jvm/java-17-openjdk/lib/server/libjvm.so
7f60e92c7000-7f60e937f000 r--p 0121e000 103:02 30280760                  /usr/lib/jvm/java-17-openjdk/lib/server/libjvm.so
7f60e937f000-7f60e93b3000 rw-p 012d6000 103:02 30280760                  /usr/lib/jvm/java-17-openjdk/lib/server/libjvm.so
7f60e93b3000-7f60e9410000 rw-p 00000000 00:00 0 
7f60e9410000-7f60e9413000 r--p 00000000 103:02 30022132                  /usr/lib/libz.so.1.2.12
7f60e9413000-7f60e9421000 r-xp 00003000 103:02 30022132                  /usr/lib/libz.so.1.2.12
7f60e9421000-7f60e9428000 r--p 00011000 103:02 30022132                  /usr/lib/libz.so.1.2.12
7f60e9428000-7f60e9429000 r--p 00017000 103:02 30022132                  /usr/lib/libz.so.1.2.12
7f60e9429000-7f60e942a000 rw-p 00018000 103:02 30022132                  /usr/lib/libz.so.1.2.12
7f60e942a000-7f60e9452000 r--p 00000000 103:02 30021801                  /usr/lib/libc.so.6
7f60e9452000-7f60e95ca000 r-xp 00028000 103:02 30021801                  /usr/lib/libc.so.6
7f60e95ca000-7f60e9622000 r--p 001a0000 103:02 30021801                  /usr/lib/libc.so.6
7f60e9622000-7f60e9623000 ---p 001f8000 103:02 30021801                  /usr/lib/libc.so.6
7f60e9623000-7f60e9627000 r--p 001f8000 103:02 30021801                  /usr/lib/libc.so.6
7f60e9627000-7f60e9629000 rw-p 001fc000 103:02 30021801                  /usr/lib/libc.so.6
7f60e9629000-7f60e9636000 rw-p 00000000 00:00 0 
7f60e9636000-7f60e9639000 r--s 00000000 103:02 29099455                  /var/cache/fontconfig/6ba42ae0000f58711b5caaf10d690066-le64.cache-8
7f60e9639000-7f60e963a000 r--p 00000000 103:02 30021762                  /usr/lib/libXau.so.6.0.0
7f60e963a000-7f60e963b000 r-xp 00001000 103:02 30021762                  /usr/lib/libXau.so.6.0.0
7f60e963b000-7f60e963c000 r--p 00002000 103:02 30021762                  /usr/lib/libXau.so.6.0.0
7f60e963c000-7f60e963d000 r--p 00002000 103:02 30021762                  /usr/lib/libXau.so.6.0.0
7f60e963d000-7f60e963e000 rw-p 00003000 103:02 30021762                  /usr/lib/libXau.so.6.0.0
7f60e963e000-7f60e9643000 rw-p 00000000 00:00 0 
7f60e9643000-7f60e964a000 ---p 00000000 00:00 0 
7f60e964a000-7f60e9652000 rw-s 00000000 00:22 6973                       /tmp/hsperfdata_jackm/277724
7f60e9652000-7f60e9653000 ---p 00000000 00:00 0 
7f60e9653000-7f60e9654000 r--p 00000000 00:00 0 
7f60e9654000-7f60e9656000 r--p 00000000 103:02 30280714                  /usr/lib/jvm/java-17-openjdk/lib/libjimage.so
7f60e9656000-7f60e9659000 r-xp 00002000 103:02 30280714                  /usr/lib/jvm/java-17-openjdk/lib/libjimage.so
7f60e9659000-7f60e965a000 r--p 00005000 103:02 30280714                  /usr/lib/jvm/java-17-openjdk/lib/libjimage.so
7f60e965a000-7f60e965b000 ---p 00006000 103:02 30280714                  /usr/lib/jvm/java-17-openjdk/lib/libjimage.so
7f60e965b000-7f60e965c000 r--p 00006000 103:02 30280714                  /usr/lib/jvm/java-17-openjdk/lib/libjimage.so
7f60e965c000-7f60e965d000 rw-p 00007000 103:02 30280714                  /usr/lib/jvm/java-17-openjdk/lib/libjimage.so
7f60e965d000-7f60e965f000 r--p 00000000 103:02 30280716                  /usr/lib/jvm/java-17-openjdk/lib/libjli.so
7f60e965f000-7f60e9669000 r-xp 00002000 103:02 30280716                  /usr/lib/jvm/java-17-openjdk/lib/libjli.so
7f60e9669000-7f60e966c000 r--p 0000c000 103:02 30280716                  /usr/lib/jvm/java-17-openjdk/lib/libjli.so
7f60e966c000-7f60e966d000 ---p 0000f000 103:02 30280716                  /usr/lib/jvm/java-17-openjdk/lib/libjli.so
7f60e966d000-7f60e966e000 r--p 0000f000 103:02 30280716                  /usr/lib/jvm/java-17-openjdk/lib/libjli.so
7f60e966e000-7f60e966f000 rw-p 00010000 103:02 30280716                  /usr/lib/jvm/java-17-openjdk/lib/libjli.so
7f60e966f000-7f60e9671000 rw-p 00000000 00:00 0 
7f60e9671000-7f60e9673000 r--p 00000000 103:02 30021720                  /usr/lib/ld-linux-x86-64.so.2
7f60e9673000-7f60e969a000 r-xp 00002000 103:02 30021720                  /usr/lib/ld-linux-x86-64.so.2
7f60e969a000-7f60e96a5000 r--p 00029000 103:02 30021720                  /usr/lib/ld-linux-x86-64.so.2
7f60e96a5000-7f60e96a6000 ---p 00000000 00:00 0 
7f60e96a6000-7f60e96a8000 r--p 00034000 103:02 30021720                  /usr/lib/ld-linux-x86-64.so.2
7f60e96a8000-7f60e96aa000 rw-p 00036000 103:02 30021720                  /usr/lib/ld-linux-x86-64.so.2
7ffdf88c1000-7ffdf88e3000 rw-p 00000000 00:00 0                          [stack]
7ffdf89a2000-7ffdf89a6000 r--p 00000000 00:00 0                          [vvar]
7ffdf89a6000-7ffdf89a8000 r-xp 00000000 00:00 0                          [vdso]
ffffffffff600000-ffffffffff601000 --xp 00000000 00:00 0                  [vsyscall]


VM Arguments:
jvm_args: -XX:+ShowCodeDetailsInExceptionMessages 
java_command: com.halcyoninae.halcyon.Halcyon
java_class_path (initial): /home/jackm/Code/mp4j-test/.vscode/build:/home/jackm/Code/mp4j-test/lib/discord-rpc.jar:/home/jackm/Code/mp4j-test/lib/tritonus-all-0.3.7.2.jar:/home/jackm/Code/mp4j-test/lib/jorbis-0.0.17-2.jar:/home/jackm/Code/mp4j-test/lib/flatlaf-1.6.1.jar:/home/jackm/Code/mp4j-test/lib/javazoom.spi-1.9.5.jar:/home/jackm/Code/mp4j-test/lib/jaffree-2022.06.03.jar:/home/jackm/Code/mp4j-test/lib/nanojson-1.7.jar:/home/jackm/Code/mp4j-test/lib/javazoom-1.0.1.jar:/home/jackm/Code/mp4j-test/lib/flatlaf-intellij-themes-1.6.1.jar:/home/jackm/Code/mp4j-test/lib/de.jarnbjo-1.0.0.jar:/home/jackm/Code/mp4j-test/lib/simple-image_v1.1.1.jar:/home/jackm/Code/mp4j-test/lib/jaudiotagger-3.0.1.jar
Launcher Type: SUN_STANDARD

[Global flags]
     intx CICompilerCount                          = 4                                         {product} {ergonomic}
     uint ConcGCThreads                            = 2                                         {product} {ergonomic}
     uint G1ConcRefinementThreads                  = 8                                         {product} {ergonomic}
   size_t G1HeapRegionSize                         = 2097152                                   {product} {ergonomic}
    uintx GCDrainStackTargetSize                   = 64                                        {product} {ergonomic}
   size_t InitialHeapSize                          = 253755392                                 {product} {ergonomic}
   size_t MarkStackSize                            = 4194304                                   {product} {ergonomic}
   size_t MaxHeapSize                              = 4047503360                                {product} {ergonomic}
   size_t MaxNewSize                               = 2428502016                                {product} {ergonomic}
   size_t MinHeapDeltaBytes                        = 2097152                                   {product} {ergonomic}
   size_t MinHeapSize                              = 8388608                                   {product} {ergonomic}
    uintx NonNMethodCodeHeapSize                   = 5839372                                {pd product} {ergonomic}
    uintx NonProfiledCodeHeapSize                  = 122909434                              {pd product} {ergonomic}
    uintx ProfiledCodeHeapSize                     = 122909434                              {pd product} {ergonomic}
    uintx ReservedCodeCacheSize                    = 251658240                              {pd product} {ergonomic}
     bool SegmentedCodeCache                       = true                                      {product} {ergonomic}
     bool ShowCodeDetailsInExceptionMessages       = true                                   {manageable} {command line}
   size_t SoftMaxHeapSize                          = 4047503360                             {manageable} {ergonomic}
     bool UseCompressedClassPointers               = true                           {product lp64_product} {ergonomic}
     bool UseCompressedOops                        = true                           {product lp64_product} {ergonomic}
     bool UseG1GC                                  = true                                      {product} {ergonomic}

Logging:
Log output configuration:
 #0: stdout all=warning uptime,level,tags
 #1: stderr all=off uptime,level,tags

Environment Variables:
PATH=/home/jackm/.local/bin:/usr/local/sbin:/usr/local/bin:/usr/bin:/usr/lib/jvm/default/bin:/usr/bin/site_perl:/usr/bin/vendor_perl:/usr/bin/core_perl:/var/lib/snapd/snap/bin
SHELL=/bin/bash
DISPLAY=:0
LANG=en_US.UTF-8

Signal Handlers:
   SIGSEGV: 0x00007f60e8fc2eb0 in libjvm.so+15838896, mask=11100100010111111101111111111110, flags=SA_RESTART|SA_SIGINFO
    SIGBUS: 0x00007f60e8fc2eb0 in libjvm.so+15838896, mask=11100100010111111101111111111110, flags=SA_RESTART|SA_SIGINFO
    SIGFPE: 0x00007f60e8fc2eb0 in libjvm.so+15838896, mask=11100100010111111101111111111110, flags=SA_RESTART|SA_SIGINFO
   SIGPIPE: 0x00007f60e8e61d00 in libjvm.so+14392576, mask=11100100010111111101111111111110, flags=SA_RESTART|SA_SIGINFO
   SIGXFSZ: 0x00007f60e8e61d00 in libjvm.so+14392576, mask=11100100010111111101111111111110, flags=SA_RESTART|SA_SIGINFO
    SIGILL: 0x00007f60e8fc2eb0 in libjvm.so+15838896, mask=11100100010111111101111111111110, flags=SA_RESTART|SA_SIGINFO
   SIGUSR2: 0x00007f60e8e61330 in libjvm.so+14390064, mask=00000000000000000000000000000000, flags=SA_RESTART|SA_SIGINFO
    SIGHUP: 0x00007f60e8e61250 in libjvm.so+14389840, mask=11100100010111111101111111111110, flags=SA_RESTART|SA_SIGINFO
    SIGINT: 0x00007f60e8e61250 in libjvm.so+14389840, mask=11100100010111111101111111111110, flags=SA_RESTART|SA_SIGINFO
   SIGTERM: 0x00007f60e8e61250 in libjvm.so+14389840, mask=11100100010111111101111111111110, flags=SA_RESTART|SA_SIGINFO
   SIGQUIT: 0x00007f60e8e61250 in libjvm.so+14389840, mask=11100100010111111101111111111110, flags=SA_RESTART|SA_SIGINFO
  *** Handler was modified!
  *** Expected: 0x00007f60e8e61d00 in libjvm.so+14392576, mask=11100100110111111111111111111110, flags=SA_RESTART|SA_SIGINFO
   SIGTRAP: 0x00007f60e8fc2eb0 in libjvm.so+15838896, mask=11100100010111111101111111111110, flags=SA_RESTART|SA_SIGINFO


---------------  S Y S T E M  ---------------

OS:
DISTRIB_ID=ManjaroLinux
DISTRIB_RELEASE=21.3.5
DISTRIB_CODENAME=Ruah
DISTRIB_DESCRIPTION="Manjaro Linux"
uname: Linux 5.18.0-1-rt11-MANJARO #1 SMP PREEMPT_RT Sat May 28 15:43:17 CEST 2022 x86_64
OS uptime: 0 days 9:52 hours
libc: glibc 2.35 NPTL 2.35 
rlimit (soft/hard): STACK 8192k/infinity , CORE infinity/infinity , NPROC 61417/61417 , NOFILE 524288/524288 , AS infinity/infinity , CPU infinity/infinity , DATA infinity/infinity , FSIZE infinity/infinity , MEMLOCK 8192k/8192k
load average: 17.33 9.05 6.30

/proc/meminfo:
MemTotal:       15804296 kB
MemFree:         2101152 kB
MemAvailable:    4698620 kB
Buffers:          221012 kB
Cached:          2595876 kB
SwapCached:         5424 kB
Active:          1604504 kB
Inactive:       10291368 kB
Active(anon):     767772 kB
Inactive(anon):  8570848 kB
Active(file):     836732 kB
Inactive(file):  1720520 kB
Unevictable:          96 kB
Mlocked:              96 kB
SwapTotal:       9227464 kB
SwapFree:        8116168 kB
Dirty:              1840 kB
Writeback:             0 kB
AnonPages:       9074436 kB
Mapped:           939240 kB
Shmem:            259636 kB
KReclaimable:     223016 kB
Slab:             447232 kB
SReclaimable:     223016 kB
SUnreclaim:       224216 kB
KernelStack:       26176 kB
PageTables:        78844 kB
NFS_Unstable:          0 kB
Bounce:                0 kB
WritebackTmp:          0 kB
CommitLimit:    17129612 kB
Committed_AS:   19699836 kB
VmallocTotal:   34359738367 kB
VmallocUsed:      138232 kB
VmallocChunk:          0 kB
Percpu:             8384 kB
HardwareCorrupted:     0 kB
CmaTotal:              0 kB
CmaFree:               0 kB
HugePages_Total:       0
HugePages_Free:        0
HugePages_Rsvd:        0
HugePages_Surp:        0
Hugepagesize:       2048 kB
Hugetlb:               0 kB
DirectMap4k:     2617904 kB
DirectMap2M:    13502464 kB
DirectMap1G:     1048576 kB

/sys/kernel/mm/transparent_hugepage/enabled: <Not Available>
/sys/kernel/mm/transparent_hugepage/defrag (defrag/compaction efforts parameter): <Not Available>

Process Memory:
Virtual Size: 8519916K (peak: 8520176K)
Resident Set Size: 198504K (peak: 225064K) (anon: 169844K, file: 27592K, shmem: 1068K)
Swapped out: 0K
C-Heap outstanding allocations: 15076K

/proc/sys/kernel/threads-max (system-wide limit on the number of threads): 122834
/proc/sys/vm/max_map_count (maximum number of memory map areas a process may have): 65530
/proc/sys/kernel/pid_max (system-wide limit on number of process identifiers): 4194304

container information not found.
Steal ticks since vm start: 0
Steal ticks percentage since vm start:  0.000

CPU: total 8 (initial active 8) (8 cores per cpu, 1 threads per core) family 23 model 96 stepping 1 microcode 0x8600106, cx8, cmov, fxsr, mmx, 3dnowpref, sse, sse2, sse3, ssse3, sse4a, sse4.1, sse4.2, popcnt, lzcnt, tsc, tscinvbit, avx, avx2, aes, clmul, bmi1, bmi2, adx, sha, fma, vzeroupper, clflush, clflushopt
CPU Model and flags from /proc/cpuinfo:
model name	: AMD Ryzen 7 4700U with Radeon Graphics
flags		: fpu vme de pse tsc msr pae mce cx8 apic sep mtrr pge mca cmov pat pse36 clflush mmx fxsr sse sse2 ht syscall nx mmxext fxsr_opt pdpe1gb rdtscp lm constant_tsc rep_good nopl nonstop_tsc cpuid extd_apicid aperfmperf rapl pni pclmulqdq monitor ssse3 fma cx16 sse4_1 sse4_2 movbe popcnt aes xsave avx f16c rdrand lahf_lm cmp_legacy svm extapic cr8_legacy abm sse4a misalignsse 3dnowprefetch osvw ibs skinit wdt tce topoext perfctr_core perfctr_nb bpext perfctr_llc mwaitx cpb cat_l3 cdp_l3 hw_pstate ssbd mba ibrs ibpb stibp vmmcall fsgsbase bmi1 avx2 smep bmi2 cqm rdt_a rdseed adx smap clflushopt clwb sha_ni xsaveopt xsavec xgetbv1 xsaves cqm_llc cqm_occup_llc cqm_mbm_total cqm_mbm_local clzero irperf xsaveerptr rdpru wbnoinvd cppc arat npt lbrv svm_lock nrip_save tsc_scale vmcb_clean flushbyasid decodeassists pausefilter pfthreshold avic v_vmsave_vmload vgif v_spec_ctrl umip rdpid overflow_recov succor smca

Online cpus: 0-7
Offline cpus: 8-15
BIOS frequency limitation: 2000000
Frequency switch latency (ns): 0
Available cpu frequencies: 2000000 1700000 1400000 
Current governor: schedutil
Core performance/turbo boost: 1

Memory: 4k page, physical 15804296k(2101152k free), swap 9227464k(8116168k free)
Page Sizes: 4k

vm_info: OpenJDK 64-Bit Server VM (17.0.3+7) for linux-amd64 JRE (17.0.3+7), built on Apr 19 2022 23:35:40 by "builduser" with gcc 11.2.0

END.
